{"E:\\javascripts\\Proyecto-sismos\\src\\App.jsx": {"path":"E:\\javascripts\\Proyecto-sismos\\src\\App.jsx","statementMap":{"0":{"start":{"line":15,"column":25},"end":{"line":15,"column":76}},"1":{"start":{"line":15,"column":36},"end":{"line":15,"column":75}},"2":{"start":{"line":17,"column":12},"end":{"line":23,"column":1}},"3":{"start":{"line":18,"column":1},"end":{"line":22,"column":2}}},"fnMap":{"0":{"name":"(anonymous_0)","decl":{"start":{"line":15,"column":30},"end":{"line":15,"column":31}},"loc":{"start":{"line":15,"column":36},"end":{"line":15,"column":75}},"line":15},"1":{"name":"(anonymous_1)","decl":{"start":{"line":17,"column":12},"end":{"line":17,"column":13}},"loc":{"start":{"line":17,"column":18},"end":{"line":23,"column":1}},"line":17}},"branchMap":{},"s":{"0":0,"1":0,"2":0,"3":0},"f":{"0":0,"1":0},"b":{}}
,"E:\\javascripts\\Proyecto-sismos\\src\\index.jsx": {"path":"E:\\javascripts\\Proyecto-sismos\\src\\index.jsx","statementMap":{"0":{"start":{"line":8,"column":0},"end":{"line":12,"column":2}}},"fnMap":{},"branchMap":{},"s":{"0":0},"f":{},"b":{}}
,"E:\\javascripts\\Proyecto-sismos\\src\\components\\AllEarthquakes\\AllEarthquakes.jsx": {"path":"E:\\javascripts\\Proyecto-sismos\\src\\components\\AllEarthquakes\\AllEarthquakes.jsx","statementMap":{"0":{"start":{"line":8,"column":23},"end":{"line":50,"column":1}},"1":{"start":{"line":9,"column":19},"end":{"line":9,"column":32}},"2":{"start":{"line":10,"column":55},"end":{"line":10,"column":92}},"3":{"start":{"line":10,"column":78},"end":{"line":10,"column":91}},"4":{"start":{"line":12,"column":2},"end":{"line":17,"column":34}},"5":{"start":{"line":13,"column":4},"end":{"line":15,"column":5}},"6":{"start":{"line":14,"column":6},"end":{"line":14,"column":35}},"7":{"start":{"line":16,"column":4},"end":{"line":16,"column":44}},"8":{"start":{"line":19,"column":27},"end":{"line":21,"column":3}},"9":{"start":{"line":20,"column":4},"end":{"line":20,"column":38}},"10":{"start":{"line":23,"column":27},"end":{"line":25,"column":3}},"11":{"start":{"line":24,"column":4},"end":{"line":24,"column":31}},"12":{"start":{"line":27,"column":2},"end":{"line":49,"column":4}}},"fnMap":{"0":{"name":"(anonymous_0)","decl":{"start":{"line":8,"column":23},"end":{"line":8,"column":24}},"loc":{"start":{"line":8,"column":48},"end":{"line":50,"column":1}},"line":8},"1":{"name":"(anonymous_1)","decl":{"start":{"line":10,"column":67},"end":{"line":10,"column":68}},"loc":{"start":{"line":10,"column":78},"end":{"line":10,"column":91}},"line":10},"2":{"name":"(anonymous_2)","decl":{"start":{"line":12,"column":12},"end":{"line":12,"column":13}},"loc":{"start":{"line":12,"column":18},"end":{"line":17,"column":3}},"line":12},"3":{"name":"(anonymous_3)","decl":{"start":{"line":19,"column":27},"end":{"line":19,"column":28}},"loc":{"start":{"line":19,"column":34},"end":{"line":21,"column":3}},"line":19},"4":{"name":"(anonymous_4)","decl":{"start":{"line":23,"column":27},"end":{"line":23,"column":28}},"loc":{"start":{"line":23,"column":40},"end":{"line":25,"column":3}},"line":23}},"branchMap":{"0":{"loc":{"start":{"line":13,"column":4},"end":{"line":15,"column":5}},"type":"if","locations":[{"start":{"line":13,"column":4},"end":{"line":15,"column":5}},{"start":{},"end":{}}],"line":13},"1":{"loc":{"start":{"line":35,"column":7},"end":{"line":47,"column":7}},"type":"cond-expr","locations":[{"start":{"line":36,"column":8},"end":{"line":38,"column":14}},{"start":{"line":40,"column":8},"end":{"line":46,"column":10}}],"line":35}},"s":{"0":0,"1":0,"2":0,"3":0,"4":0,"5":0,"6":0,"7":0,"8":0,"9":0,"10":0,"11":0,"12":0},"f":{"0":0,"1":0,"2":0,"3":0,"4":0},"b":{"0":[0,0],"1":[0,0]}}
,"E:\\javascripts\\Proyecto-sismos\\src\\components\\ButtonModal\\ButtonModal.jsx": {"path":"E:\\javascripts\\Proyecto-sismos\\src\\components\\ButtonModal\\ButtonModal.jsx","statementMap":{"0":{"start":{"line":4,"column":20},"end":{"line":8,"column":1}},"1":{"start":{"line":5,"column":2},"end":{"line":7,"column":3}}},"fnMap":{"0":{"name":"(anonymous_0)","decl":{"start":{"line":4,"column":20},"end":{"line":4,"column":21}},"loc":{"start":{"line":4,"column":31},"end":{"line":8,"column":1}},"line":4}},"branchMap":{},"s":{"0":2,"1":7},"f":{"0":7},"b":{},"_coverageSchema":"1a1c01bbd47fc00a2c39e90264f33305004495a9","hash":"fe2d9eb0d9135233c728c344cca3b76ad8cf43c2"}
,"E:\\javascripts\\Proyecto-sismos\\src\\components\\CardAllUrl\\CardAllUrl.jsx": {"path":"E:\\javascripts\\Proyecto-sismos\\src\\components\\CardAllUrl\\CardAllUrl.jsx","statementMap":{"0":{"start":{"line":9,"column":19},"end":{"line":99,"column":1}},"1":{"start":{"line":10,"column":25},"end":{"line":12,"column":3}},"2":{"start":{"line":11,"column":4},"end":{"line":11,"column":72}},"3":{"start":{"line":14,"column":21},"end":{"line":14,"column":68}},"4":{"start":{"line":15,"column":21},"end":{"line":15,"column":46}},"5":{"start":{"line":16,"column":19},"end":{"line":16,"column":44}},"6":{"start":{"line":17,"column":26},"end":{"line":17,"column":68}},"7":{"start":{"line":19,"column":50},"end":{"line":19,"column":62}},"8":{"start":{"line":20,"column":54},"end":{"line":20,"column":66}},"9":{"start":{"line":21,"column":36},"end":{"line":21,"column":51}},"10":{"start":{"line":23,"column":20},"end":{"line":27,"column":3}},"11":{"start":{"line":24,"column":4},"end":{"line":24,"column":34}},"12":{"start":{"line":25,"column":4},"end":{"line":25,"column":37}},"13":{"start":{"line":26,"column":4},"end":{"line":26,"column":23}},"14":{"start":{"line":29,"column":21},"end":{"line":31,"column":3}},"15":{"start":{"line":30,"column":4},"end":{"line":30,"column":24}},"16":{"start":{"line":33,"column":2},"end":{"line":98,"column":4}},"17":{"start":{"line":42,"column":12},"end":{"line":60,"column":18}},"18":{"start":{"line":42,"column":88},"end":{"line":42,"column":121}},"19":{"start":{"line":54,"column":18},"end":{"line":54,"column":38}},"20":{"start":{"line":55,"column":18},"end":{"line":55,"column":52}},"21":{"start":{"line":78,"column":27},"end":{"line":78,"column":53}},"22":{"start":{"line":89,"column":27},"end":{"line":89,"column":53}}},"fnMap":{"0":{"name":"(anonymous_0)","decl":{"start":{"line":9,"column":19},"end":{"line":9,"column":20}},"loc":{"start":{"line":9,"column":78},"end":{"line":99,"column":1}},"line":9},"1":{"name":"(anonymous_1)","decl":{"start":{"line":10,"column":38},"end":{"line":10,"column":39}},"loc":{"start":{"line":11,"column":4},"end":{"line":11,"column":72}},"line":11},"2":{"name":"(anonymous_2)","decl":{"start":{"line":23,"column":20},"end":{"line":23,"column":21}},"loc":{"start":{"line":23,"column":45},"end":{"line":27,"column":3}},"line":23},"3":{"name":"(anonymous_3)","decl":{"start":{"line":29,"column":21},"end":{"line":29,"column":22}},"loc":{"start":{"line":29,"column":27},"end":{"line":31,"column":3}},"line":29},"4":{"name":"(anonymous_4)","decl":{"start":{"line":41,"column":30},"end":{"line":41,"column":31}},"loc":{"start":{"line":42,"column":12},"end":{"line":60,"column":18}},"line":42},"5":{"name":"(anonymous_5)","decl":{"start":{"line":42,"column":82},"end":{"line":42,"column":83}},"loc":{"start":{"line":42,"column":88},"end":{"line":42,"column":121}},"line":42},"6":{"name":"(anonymous_6)","decl":{"start":{"line":53,"column":25},"end":{"line":53,"column":26}},"loc":{"start":{"line":53,"column":32},"end":{"line":56,"column":17}},"line":53},"7":{"name":"(anonymous_7)","decl":{"start":{"line":78,"column":21},"end":{"line":78,"column":22}},"loc":{"start":{"line":78,"column":27},"end":{"line":78,"column":53}},"line":78},"8":{"name":"(anonymous_8)","decl":{"start":{"line":89,"column":21},"end":{"line":89,"column":22}},"loc":{"start":{"line":89,"column":27},"end":{"line":89,"column":53}},"line":89}},"branchMap":{"0":{"loc":{"start":{"line":11,"column":5},"end":{"line":11,"column":20}},"type":"binary-expr","locations":[{"start":{"line":11,"column":5},"end":{"line":11,"column":14}},{"start":{"line":11,"column":18},"end":{"line":11,"column":20}}],"line":11},"1":{"loc":{"start":{"line":11,"column":46},"end":{"line":11,"column":56}},"type":"binary-expr","locations":[{"start":{"line":11,"column":46},"end":{"line":11,"column":50}},{"start":{"line":11,"column":54},"end":{"line":11,"column":56}}],"line":11},"2":{"loc":{"start":{"line":36,"column":9},"end":{"line":62,"column":9}},"type":"cond-expr","locations":[{"start":{"line":37,"column":10},"end":{"line":39,"column":16}},{"start":{"line":41,"column":10},"end":{"line":61,"column":12}}],"line":36},"3":{"loc":{"start":{"line":38,"column":13},"end":{"line":38,"column":100}},"type":"cond-expr","locations":[{"start":{"line":38,"column":34},"end":{"line":38,"column":42}},{"start":{"line":38,"column":45},"end":{"line":38,"column":100}}],"line":38},"4":{"loc":{"start":{"line":65,"column":7},"end":{"line":72,"column":7}},"type":"binary-expr","locations":[{"start":{"line":65,"column":7},"end":{"line":65,"column":16}},{"start":{"line":66,"column":8},"end":{"line":71,"column":10}}],"line":65},"5":{"loc":{"start":{"line":74,"column":7},"end":{"line":96,"column":7}},"type":"binary-expr","locations":[{"start":{"line":74,"column":7},"end":{"line":74,"column":43}},{"start":{"line":75,"column":8},"end":{"line":95,"column":14}}],"line":74}},"s":{"0":0,"1":0,"2":0,"3":0,"4":0,"5":0,"6":0,"7":0,"8":0,"9":0,"10":0,"11":0,"12":0,"13":0,"14":0,"15":0,"16":0,"17":0,"18":0,"19":0,"20":0,"21":0,"22":0},"f":{"0":0,"1":0,"2":0,"3":0,"4":0,"5":0,"6":0,"7":0,"8":0},"b":{"0":[0,0],"1":[0,0],"2":[0,0],"3":[0,0],"4":[0,0],"5":[0,0]}}
,"E:\\javascripts\\Proyecto-sismos\\src\\components\\CardPastHour\\CardPastHour.jsx": {"path":"E:\\javascripts\\Proyecto-sismos\\src\\components\\CardPastHour\\CardPastHour.jsx","statementMap":{"0":{"start":{"line":10,"column":21},"end":{"line":77,"column":1}},"1":{"start":{"line":11,"column":50},"end":{"line":11,"column":64}},"2":{"start":{"line":12,"column":54},"end":{"line":12,"column":68}},"3":{"start":{"line":13,"column":36},"end":{"line":13,"column":51}},"4":{"start":{"line":18,"column":26},"end":{"line":22,"column":3}},"5":{"start":{"line":19,"column":4},"end":{"line":19,"column":34}},"6":{"start":{"line":20,"column":4},"end":{"line":20,"column":32}},"7":{"start":{"line":21,"column":4},"end":{"line":21,"column":23}},"8":{"start":{"line":27,"column":27},"end":{"line":31,"column":3}},"9":{"start":{"line":28,"column":4},"end":{"line":28,"column":24}},"10":{"start":{"line":29,"column":4},"end":{"line":29,"column":30}},"11":{"start":{"line":30,"column":4},"end":{"line":30,"column":32}},"12":{"start":{"line":37,"column":2},"end":{"line":43,"column":3}},"13":{"start":{"line":38,"column":4},"end":{"line":42,"column":6}},"14":{"start":{"line":45,"column":2},"end":{"line":76,"column":4}},"15":{"start":{"line":48,"column":8},"end":{"line":64,"column":14}},"16":{"start":{"line":59,"column":27},"end":{"line":59,"column":73}}},"fnMap":{"0":{"name":"(anonymous_0)","decl":{"start":{"line":10,"column":21},"end":{"line":10,"column":22}},"loc":{"start":{"line":10,"column":36},"end":{"line":77,"column":1}},"line":10},"1":{"name":"(anonymous_1)","decl":{"start":{"line":18,"column":26},"end":{"line":18,"column":27}},"loc":{"start":{"line":18,"column":46},"end":{"line":22,"column":3}},"line":18},"2":{"name":"(anonymous_2)","decl":{"start":{"line":27,"column":27},"end":{"line":27,"column":28}},"loc":{"start":{"line":27,"column":33},"end":{"line":31,"column":3}},"line":27},"3":{"name":"(anonymous_3)","decl":{"start":{"line":47,"column":17},"end":{"line":47,"column":18}},"loc":{"start":{"line":48,"column":8},"end":{"line":64,"column":14}},"line":48},"4":{"name":"(anonymous_4)","decl":{"start":{"line":59,"column":21},"end":{"line":59,"column":22}},"loc":{"start":{"line":59,"column":27},"end":{"line":59,"column":73}},"line":59}},"branchMap":{"0":{"loc":{"start":{"line":37,"column":2},"end":{"line":43,"column":3}},"type":"if","locations":[{"start":{"line":37,"column":2},"end":{"line":43,"column":3}},{"start":{},"end":{}}],"line":37},"1":{"loc":{"start":{"line":37,"column":6},"end":{"line":37,"column":49}},"type":"binary-expr","locations":[{"start":{"line":37,"column":6},"end":{"line":37,"column":27}},{"start":{"line":37,"column":31},"end":{"line":37,"column":49}}],"line":37},"2":{"loc":{"start":{"line":48,"column":21},"end":{"line":48,"column":42}},"type":"binary-expr","locations":[{"start":{"line":48,"column":21},"end":{"line":48,"column":31}},{"start":{"line":48,"column":35},"end":{"line":48,"column":42}}],"line":48},"3":{"loc":{"start":{"line":49,"column":41},"end":{"line":49,"column":65}},"type":"binary-expr","locations":[{"start":{"line":49,"column":41},"end":{"line":49,"column":51}},{"start":{"line":49,"column":55},"end":{"line":49,"column":65}}],"line":49},"4":{"loc":{"start":{"line":50,"column":38},"end":{"line":50,"column":70}},"type":"binary-expr","locations":[{"start":{"line":50,"column":38},"end":{"line":50,"column":52}},{"start":{"line":50,"column":56},"end":{"line":50,"column":70}}],"line":50},"5":{"loc":{"start":{"line":56,"column":35},"end":{"line":56,"column":57}},"type":"binary-expr","locations":[{"start":{"line":56,"column":35},"end":{"line":56,"column":44}},{"start":{"line":56,"column":48},"end":{"line":56,"column":57}}],"line":56},"6":{"loc":{"start":{"line":59,"column":43},"end":{"line":59,"column":66}},"type":"binary-expr","locations":[{"start":{"line":59,"column":43},"end":{"line":59,"column":57}},{"start":{"line":59,"column":61},"end":{"line":59,"column":66}}],"line":59},"7":{"loc":{"start":{"line":60,"column":39},"end":{"line":60,"column":60}},"type":"binary-expr","locations":[{"start":{"line":60,"column":39},"end":{"line":60,"column":49}},{"start":{"line":60,"column":53},"end":{"line":60,"column":60}}],"line":60},"8":{"loc":{"start":{"line":67,"column":7},"end":{"line":74,"column":7}},"type":"binary-expr","locations":[{"start":{"line":67,"column":7},"end":{"line":67,"column":16}},{"start":{"line":68,"column":8},"end":{"line":73,"column":10}}],"line":67}},"s":{"0":0,"1":0,"2":0,"3":0,"4":0,"5":0,"6":0,"7":0,"8":0,"9":0,"10":0,"11":0,"12":0,"13":0,"14":0,"15":0,"16":0},"f":{"0":0,"1":0,"2":0,"3":0,"4":0},"b":{"0":[0,0],"1":[0,0],"2":[0,0],"3":[0,0],"4":[0,0],"5":[0,0],"6":[0,0],"7":[0,0],"8":[0,0]}}
,"E:\\javascripts\\Proyecto-sismos\\src\\components\\Error429\\Error429.jsx": {"path":"E:\\javascripts\\Proyecto-sismos\\src\\components\\Error429\\Error429.jsx","statementMap":{"0":{"start":{"line":7,"column":17},"end":{"line":19,"column":1}},"1":{"start":{"line":8,"column":2},"end":{"line":18,"column":4}}},"fnMap":{"0":{"name":"(anonymous_0)","decl":{"start":{"line":7,"column":17},"end":{"line":7,"column":18}},"loc":{"start":{"line":7,"column":23},"end":{"line":19,"column":1}},"line":7}},"branchMap":{},"s":{"0":1,"1":1},"f":{"0":1},"b":{},"_coverageSchema":"1a1c01bbd47fc00a2c39e90264f33305004495a9","hash":"6f35e8f37ae23aca07b838a64a9cec3486612b56"}
,"E:\\javascripts\\Proyecto-sismos\\src\\components\\Home\\Home.jsx": {"path":"E:\\javascripts\\Proyecto-sismos\\src\\components\\Home\\Home.jsx","statementMap":{"0":{"start":{"line":9,"column":13},"end":{"line":56,"column":1}},"1":{"start":{"line":10,"column":2},"end":{"line":55,"column":4}},"2":{"start":{"line":35,"column":16},"end":{"line":48,"column":21}}},"fnMap":{"0":{"name":"(anonymous_0)","decl":{"start":{"line":9,"column":13},"end":{"line":9,"column":14}},"loc":{"start":{"line":9,"column":19},"end":{"line":56,"column":1}},"line":9},"1":{"name":"(anonymous_1)","decl":{"start":{"line":34,"column":29},"end":{"line":34,"column":30}},"loc":{"start":{"line":35,"column":16},"end":{"line":48,"column":21}},"line":35}},"branchMap":{},"s":{"0":0,"1":0,"2":0},"f":{"0":0,"1":0},"b":{}}
,"E:\\javascripts\\Proyecto-sismos\\src\\components\\Load\\Load.jsx": {"path":"E:\\javascripts\\Proyecto-sismos\\src\\components\\Load\\Load.jsx","statementMap":{"0":{"start":{"line":3,"column":13},"end":{"line":12,"column":1}},"1":{"start":{"line":4,"column":2},"end":{"line":11,"column":3}}},"fnMap":{"0":{"name":"(anonymous_0)","decl":{"start":{"line":3,"column":13},"end":{"line":3,"column":14}},"loc":{"start":{"line":3,"column":19},"end":{"line":12,"column":1}},"line":3}},"branchMap":{},"s":{"0":1,"1":1},"f":{"0":1},"b":{},"_coverageSchema":"1a1c01bbd47fc00a2c39e90264f33305004495a9","hash":"999e1eeb502e23a5fcb01005c3528ae91194889f"}
,"E:\\javascripts\\Proyecto-sismos\\src\\components\\MapEarth\\MapEarth.jsx": {"path":"E:\\javascripts\\Proyecto-sismos\\src\\components\\MapEarth\\MapEarth.jsx","statementMap":{"0":{"start":{"line":7,"column":23},"end":{"line":7,"column":24}},"1":{"start":{"line":9,"column":18},"end":{"line":24,"column":1}},"2":{"start":{"line":10,"column":14},"end":{"line":12,"column":51}},"3":{"start":{"line":14,"column":2},"end":{"line":17,"column":16}},"4":{"start":{"line":19,"column":2},"end":{"line":21,"column":16}},"5":{"start":{"line":23,"column":2},"end":{"line":23,"column":13}},"6":{"start":{"line":26,"column":19},"end":{"line":51,"column":1}},"7":{"start":{"line":28,"column":2},"end":{"line":50,"column":5}},"8":{"start":{"line":29,"column":25},"end":{"line":44,"column":5}},"9":{"start":{"line":45,"column":19},"end":{"line":45,"column":69}},"10":{"start":{"line":46,"column":4},"end":{"line":48,"column":7}},"11":{"start":{"line":49,"column":4},"end":{"line":49,"column":22}},"12":{"start":{"line":53,"column":17},"end":{"line":106,"column":1}},"13":{"start":{"line":54,"column":26},"end":{"line":54,"column":38}},"14":{"start":{"line":55,"column":17},"end":{"line":55,"column":29}},"15":{"start":{"line":58,"column":2},"end":{"line":92,"column":23}},"16":{"start":{"line":59,"column":36},"end":{"line":59,"column":43}},"17":{"start":{"line":61,"column":4},"end":{"line":84,"column":5}},"18":{"start":{"line":62,"column":6},"end":{"line":71,"column":7}},"19":{"start":{"line":64,"column":8},"end":{"line":67,"column":11}},"20":{"start":{"line":69,"column":20},"end":{"line":69,"column":75}},"21":{"start":{"line":70,"column":8},"end":{"line":70,"column":29}},"22":{"start":{"line":73,"column":6},"end":{"line":83,"column":7}},"23":{"start":{"line":75,"column":8},"end":{"line":79,"column":11}},"24":{"start":{"line":76,"column":10},"end":{"line":78,"column":11}},"25":{"start":{"line":77,"column":12},"end":{"line":77,"column":46}},"26":{"start":{"line":82,"column":8},"end":{"line":82,"column":42}},"27":{"start":{"line":86,"column":4},"end":{"line":91,"column":6}},"28":{"start":{"line":87,"column":6},"end":{"line":90,"column":7}},"29":{"start":{"line":88,"column":8},"end":{"line":88,"column":32}},"30":{"start":{"line":89,"column":8},"end":{"line":89,"column":30}},"31":{"start":{"line":94,"column":2},"end":{"line":105,"column":4}}},"fnMap":{"0":{"name":"(anonymous_0)","decl":{"start":{"line":9,"column":18},"end":{"line":9,"column":19}},"loc":{"start":{"line":9,"column":57},"end":{"line":24,"column":1}},"line":9},"1":{"name":"(anonymous_1)","decl":{"start":{"line":26,"column":19},"end":{"line":26,"column":20}},"loc":{"start":{"line":26,"column":36},"end":{"line":51,"column":1}},"line":26},"2":{"name":"(anonymous_2)","decl":{"start":{"line":28,"column":17},"end":{"line":28,"column":18}},"loc":{"start":{"line":28,"column":28},"end":{"line":50,"column":3}},"line":28},"3":{"name":"(anonymous_3)","decl":{"start":{"line":53,"column":17},"end":{"line":53,"column":18}},"loc":{"start":{"line":53,"column":48},"end":{"line":106,"column":1}},"line":53},"4":{"name":"(anonymous_4)","decl":{"start":{"line":58,"column":12},"end":{"line":58,"column":13}},"loc":{"start":{"line":58,"column":18},"end":{"line":92,"column":3}},"line":58},"5":{"name":"(anonymous_5)","decl":{"start":{"line":75,"column":33},"end":{"line":75,"column":34}},"loc":{"start":{"line":75,"column":44},"end":{"line":79,"column":9}},"line":75},"6":{"name":"(anonymous_6)","decl":{"start":{"line":86,"column":11},"end":{"line":86,"column":12}},"loc":{"start":{"line":86,"column":17},"end":{"line":91,"column":5}},"line":86}},"branchMap":{"0":{"loc":{"start":{"line":61,"column":4},"end":{"line":84,"column":5}},"type":"if","locations":[{"start":{"line":61,"column":4},"end":{"line":84,"column":5}},{"start":{},"end":{}}],"line":61},"1":{"loc":{"start":{"line":62,"column":6},"end":{"line":71,"column":7}},"type":"if","locations":[{"start":{"line":62,"column":6},"end":{"line":71,"column":7}},{"start":{"line":68,"column":13},"end":{"line":71,"column":7}}],"line":62},"2":{"loc":{"start":{"line":73,"column":6},"end":{"line":83,"column":7}},"type":"if","locations":[{"start":{"line":73,"column":6},"end":{"line":83,"column":7}},{"start":{},"end":{}}],"line":73},"3":{"loc":{"start":{"line":76,"column":10},"end":{"line":78,"column":11}},"type":"if","locations":[{"start":{"line":76,"column":10},"end":{"line":78,"column":11}},{"start":{},"end":{}}],"line":76},"4":{"loc":{"start":{"line":87,"column":6},"end":{"line":90,"column":7}},"type":"if","locations":[{"start":{"line":87,"column":6},"end":{"line":90,"column":7}},{"start":{},"end":{}}],"line":87},"5":{"loc":{"start":{"line":97,"column":9},"end":{"line":101,"column":9}},"type":"binary-expr","locations":[{"start":{"line":97,"column":9},"end":{"line":97,"column":16}},{"start":{"line":98,"column":10},"end":{"line":100,"column":16}}],"line":97}},"s":{"0":0,"1":0,"2":0,"3":0,"4":0,"5":0,"6":0,"7":0,"8":0,"9":0,"10":0,"11":0,"12":0,"13":0,"14":0,"15":0,"16":0,"17":0,"18":0,"19":0,"20":0,"21":0,"22":0,"23":0,"24":0,"25":0,"26":0,"27":0,"28":0,"29":0,"30":0,"31":0},"f":{"0":0,"1":0,"2":0,"3":0,"4":0,"5":0,"6":0},"b":{"0":[0,0],"1":[0,0],"2":[0,0],"3":[0,0],"4":[0,0],"5":[0,0]}}
,"E:\\javascripts\\Proyecto-sismos\\src\\components\\MapModalPastHour\\MapModalPastHour.jsx": {"path":"E:\\javascripts\\Proyecto-sismos\\src\\components\\MapModalPastHour\\MapModalPastHour.jsx","statementMap":{"0":{"start":{"line":8,"column":25},"end":{"line":47,"column":1}},"1":{"start":{"line":9,"column":2},"end":{"line":9,"column":27}},"2":{"start":{"line":9,"column":15},"end":{"line":9,"column":27}},"3":{"start":{"line":12,"column":16},"end":{"line":12,"column":51}},"4":{"start":{"line":13,"column":15},"end":{"line":13,"column":48}},"5":{"start":{"line":14,"column":14},"end":{"line":14,"column":30}},"6":{"start":{"line":16,"column":2},"end":{"line":46,"column":4}},"7":{"start":{"line":17,"column":47},"end":{"line":17,"column":88}}},"fnMap":{"0":{"name":"(anonymous_0)","decl":{"start":{"line":8,"column":25},"end":{"line":8,"column":26}},"loc":{"start":{"line":8,"column":70},"end":{"line":47,"column":1}},"line":8},"1":{"name":"(anonymous_1)","decl":{"start":{"line":17,"column":40},"end":{"line":17,"column":41}},"loc":{"start":{"line":17,"column":47},"end":{"line":17,"column":88}},"line":17}},"branchMap":{"0":{"loc":{"start":{"line":9,"column":2},"end":{"line":9,"column":27}},"type":"if","locations":[{"start":{"line":9,"column":2},"end":{"line":9,"column":27}},{"start":{},"end":{}}],"line":9},"1":{"loc":{"start":{"line":12,"column":16},"end":{"line":12,"column":51}},"type":"binary-expr","locations":[{"start":{"line":12,"column":16},"end":{"line":12,"column":27}},{"start":{"line":12,"column":31},"end":{"line":12,"column":51}}],"line":12},"2":{"loc":{"start":{"line":13,"column":15},"end":{"line":13,"column":48}},"type":"binary-expr","locations":[{"start":{"line":13,"column":15},"end":{"line":13,"column":25}},{"start":{"line":13,"column":29},"end":{"line":13,"column":48}}],"line":13},"3":{"loc":{"start":{"line":14,"column":14},"end":{"line":14,"column":30}},"type":"binary-expr","locations":[{"start":{"line":14,"column":14},"end":{"line":14,"column":23}},{"start":{"line":14,"column":27},"end":{"line":14,"column":30}}],"line":14},"4":{"loc":{"start":{"line":17,"column":47},"end":{"line":17,"column":88}},"type":"binary-expr","locations":[{"start":{"line":17,"column":47},"end":{"line":17,"column":75}},{"start":{"line":17,"column":79},"end":{"line":17,"column":88}}],"line":17}},"s":{"0":0,"1":0,"2":0,"3":0,"4":0,"5":0,"6":0,"7":0},"f":{"0":0,"1":0},"b":{"0":[0,0],"1":[0,0],"2":[0,0],"3":[0,0],"4":[0,0]}}
,"E:\\javascripts\\Proyecto-sismos\\src\\components\\MapQuake\\MapQuake.jsx": {"path":"E:\\javascripts\\Proyecto-sismos\\src\\components\\MapQuake\\MapQuake.jsx","statementMap":{"0":{"start":{"line":9,"column":17},"end":{"line":49,"column":1}},"1":{"start":{"line":11,"column":20},"end":{"line":11,"column":44}},"2":{"start":{"line":12,"column":23},"end":{"line":12,"column":57}},"3":{"start":{"line":13,"column":14},"end":{"line":13,"column":27}},"4":{"start":{"line":14,"column":14},"end":{"line":14,"column":27}},"5":{"start":{"line":16,"column":2},"end":{"line":22,"column":3}},"6":{"start":{"line":17,"column":4},"end":{"line":21,"column":6}},"7":{"start":{"line":25,"column":4},"end":{"line":29,"column":10}},"8":{"start":{"line":32,"column":2},"end":{"line":48,"column":4}}},"fnMap":{"0":{"name":"(anonymous_0)","decl":{"start":{"line":9,"column":17},"end":{"line":9,"column":18}},"loc":{"start":{"line":9,"column":42},"end":{"line":49,"column":1}},"line":9}},"branchMap":{"0":{"loc":{"start":{"line":11,"column":20},"end":{"line":11,"column":44}},"type":"binary-expr","locations":[{"start":{"line":11,"column":20},"end":{"line":11,"column":35}},{"start":{"line":11,"column":39},"end":{"line":11,"column":44}}],"line":11},"1":{"loc":{"start":{"line":12,"column":23},"end":{"line":12,"column":57}},"type":"binary-expr","locations":[{"start":{"line":12,"column":23},"end":{"line":12,"column":40}},{"start":{"line":12,"column":44},"end":{"line":12,"column":57}}],"line":12},"2":{"loc":{"start":{"line":16,"column":2},"end":{"line":22,"column":3}},"type":"if","locations":[{"start":{"line":16,"column":2},"end":{"line":22,"column":3}},{"start":{},"end":{}}],"line":16},"3":{"loc":{"start":{"line":16,"column":6},"end":{"line":16,"column":43}},"type":"binary-expr","locations":[{"start":{"line":16,"column":6},"end":{"line":16,"column":15}},{"start":{"line":16,"column":19},"end":{"line":16,"column":29}},{"start":{"line":16,"column":33},"end":{"line":16,"column":43}}],"line":16}},"s":{"0":0,"1":0,"2":0,"3":0,"4":0,"5":0,"6":0,"7":0,"8":0},"f":{"0":0},"b":{"0":[0,0],"1":[0,0],"2":[0,0],"3":[0,0,0]}}
,"E:\\javascripts\\Proyecto-sismos\\src\\components\\Modal\\Modal.jsx": {"path":"E:\\javascripts\\Proyecto-sismos\\src\\components\\Modal\\Modal.jsx","statementMap":{"0":{"start":{"line":7,"column":14},"end":{"line":47,"column":1}},"1":{"start":{"line":9,"column":44},"end":{"line":9,"column":59}},"2":{"start":{"line":11,"column":27},"end":{"line":13,"column":3}},"3":{"start":{"line":12,"column":4},"end":{"line":12,"column":33}},"4":{"start":{"line":14,"column":27},"end":{"line":16,"column":3}},"5":{"start":{"line":15,"column":4},"end":{"line":15,"column":29}},"6":{"start":{"line":18,"column":2},"end":{"line":46,"column":3}}},"fnMap":{"0":{"name":"(anonymous_0)","decl":{"start":{"line":7,"column":14},"end":{"line":7,"column":15}},"loc":{"start":{"line":7,"column":56},"end":{"line":47,"column":1}},"line":7},"1":{"name":"(anonymous_1)","decl":{"start":{"line":11,"column":27},"end":{"line":11,"column":28}},"loc":{"start":{"line":11,"column":33},"end":{"line":13,"column":3}},"line":11},"2":{"name":"(anonymous_2)","decl":{"start":{"line":14,"column":27},"end":{"line":14,"column":28}},"loc":{"start":{"line":14,"column":33},"end":{"line":16,"column":3}},"line":14}},"branchMap":{"0":{"loc":{"start":{"line":22,"column":38},"end":{"line":22,"column":66}},"type":"cond-expr","locations":[{"start":{"line":22,"column":55},"end":{"line":22,"column":61}},{"start":{"line":22,"column":64},"end":{"line":22,"column":66}}],"line":22},"1":{"loc":{"start":{"line":23,"column":69},"end":{"line":23,"column":96}},"type":"binary-expr","locations":[{"start":{"line":23,"column":69},"end":{"line":23,"column":85}},{"start":{"line":23,"column":89},"end":{"line":23,"column":96}}],"line":23},"2":{"loc":{"start":{"line":25,"column":89},"end":{"line":25,"column":116}},"type":"binary-expr","locations":[{"start":{"line":25,"column":89},"end":{"line":25,"column":105}},{"start":{"line":25,"column":109},"end":{"line":25,"column":116}}],"line":25},"3":{"loc":{"start":{"line":28,"column":11},"end":{"line":42,"column":11}},"type":"binary-expr","locations":[{"start":{"line":28,"column":11},"end":{"line":28,"column":21}},{"start":{"line":29,"column":12},"end":{"line":41,"column":18}}],"line":28},"4":{"loc":{"start":{"line":29,"column":75},"end":{"line":29,"column":102}},"type":"binary-expr","locations":[{"start":{"line":29,"column":75},"end":{"line":29,"column":91}},{"start":{"line":29,"column":95},"end":{"line":29,"column":102}}],"line":29},"5":{"loc":{"start":{"line":30,"column":39},"end":{"line":30,"column":69}},"type":"binary-expr","locations":[{"start":{"line":30,"column":39},"end":{"line":30,"column":56}},{"start":{"line":30,"column":60},"end":{"line":30,"column":69}}],"line":30},"6":{"loc":{"start":{"line":33,"column":24},"end":{"line":33,"column":51}},"type":"binary-expr","locations":[{"start":{"line":33,"column":24},"end":{"line":33,"column":38}},{"start":{"line":33,"column":42},"end":{"line":33,"column":51}}],"line":33}},"s":{"0":1,"1":3,"2":3,"3":1,"4":3,"5":0,"6":3},"f":{"0":3,"1":1,"2":0},"b":{"0":[1,2],"1":[3,1],"2":[3,1],"3":[3,2],"4":[2,0],"5":[2,0],"6":[2,0]},"_coverageSchema":"1a1c01bbd47fc00a2c39e90264f33305004495a9","hash":"30c2e354f7c4650f2f2eff3d60b935c5cd89e5a4"}
,"E:\\javascripts\\Proyecto-sismos\\src\\components\\MomentoCalculator\\MomentoCalculator.jsx": {"path":"E:\\javascripts\\Proyecto-sismos\\src\\components\\MomentoCalculator\\MomentoCalculator.jsx","statementMap":{"0":{"start":{"line":16,"column":26},"end":{"line":151,"column":1}},"1":{"start":{"line":17,"column":40},"end":{"line":17,"column":52}},"2":{"start":{"line":18,"column":40},"end":{"line":18,"column":52}},"3":{"start":{"line":19,"column":40},"end":{"line":19,"column":52}},"4":{"start":{"line":20,"column":40},"end":{"line":20,"column":54}},"5":{"start":{"line":21,"column":40},"end":{"line":21,"column":55}},"6":{"start":{"line":23,"column":23},"end":{"line":37,"column":3}},"7":{"start":{"line":24,"column":4},"end":{"line":24,"column":23}},"8":{"start":{"line":25,"column":15},"end":{"line":25,"column":31}},"9":{"start":{"line":26,"column":15},"end":{"line":26,"column":33}},"10":{"start":{"line":27,"column":15},"end":{"line":27,"column":56}},"11":{"start":{"line":29,"column":4},"end":{"line":29,"column":45}},"12":{"start":{"line":29,"column":38},"end":{"line":29,"column":45}},"13":{"start":{"line":31,"column":22},"end":{"line":31,"column":54}},"14":{"start":{"line":32,"column":22},"end":{"line":32,"column":36}},"15":{"start":{"line":33,"column":22},"end":{"line":33,"column":36}},"16":{"start":{"line":35,"column":4},"end":{"line":35,"column":37}},"17":{"start":{"line":36,"column":4},"end":{"line":36,"column":23}},"18":{"start":{"line":39,"column":22},"end":{"line":39,"column":47}},"19":{"start":{"line":39,"column":28},"end":{"line":39,"column":47}},"20":{"start":{"line":41,"column":18},"end":{"line":41,"column":48}},"21":{"start":{"line":43,"column":2},"end":{"line":150,"column":4}},"22":{"start":{"line":58,"column":29},"end":{"line":58,"column":52}},"23":{"start":{"line":71,"column":29},"end":{"line":71,"column":54}},"24":{"start":{"line":86,"column":29},"end":{"line":86,"column":55}},"25":{"start":{"line":110,"column":26},"end":{"line":110,"column":45}}},"fnMap":{"0":{"name":"(anonymous_0)","decl":{"start":{"line":16,"column":26},"end":{"line":16,"column":27}},"loc":{"start":{"line":16,"column":32},"end":{"line":151,"column":1}},"line":16},"1":{"name":"(anonymous_1)","decl":{"start":{"line":23,"column":23},"end":{"line":23,"column":24}},"loc":{"start":{"line":23,"column":30},"end":{"line":37,"column":3}},"line":23},"2":{"name":"(anonymous_2)","decl":{"start":{"line":39,"column":22},"end":{"line":39,"column":23}},"loc":{"start":{"line":39,"column":28},"end":{"line":39,"column":47}},"line":39},"3":{"name":"(anonymous_3)","decl":{"start":{"line":58,"column":22},"end":{"line":58,"column":23}},"loc":{"start":{"line":58,"column":29},"end":{"line":58,"column":52}},"line":58},"4":{"name":"(anonymous_4)","decl":{"start":{"line":71,"column":22},"end":{"line":71,"column":23}},"loc":{"start":{"line":71,"column":29},"end":{"line":71,"column":54}},"line":71},"5":{"name":"(anonymous_5)","decl":{"start":{"line":86,"column":22},"end":{"line":86,"column":23}},"loc":{"start":{"line":86,"column":29},"end":{"line":86,"column":55}},"line":86},"6":{"name":"(anonymous_6)","decl":{"start":{"line":110,"column":19},"end":{"line":110,"column":20}},"loc":{"start":{"line":110,"column":26},"end":{"line":110,"column":45}},"line":110}},"branchMap":{"0":{"loc":{"start":{"line":27,"column":15},"end":{"line":27,"column":56}},"type":"cond-expr","locations":[{"start":{"line":27,"column":25},"end":{"line":27,"column":44}},{"start":{"line":27,"column":47},"end":{"line":27,"column":56}}],"line":27},"1":{"loc":{"start":{"line":29,"column":4},"end":{"line":29,"column":45}},"type":"if","locations":[{"start":{"line":29,"column":4},"end":{"line":29,"column":45}},{"start":{},"end":{}}],"line":29},"2":{"loc":{"start":{"line":29,"column":8},"end":{"line":29,"column":36}},"type":"binary-expr","locations":[{"start":{"line":29,"column":8},"end":{"line":29,"column":10}},{"start":{"line":29,"column":14},"end":{"line":29,"column":16}},{"start":{"line":29,"column":20},"end":{"line":29,"column":26}},{"start":{"line":29,"column":30},"end":{"line":29,"column":36}}],"line":29},"3":{"loc":{"start":{"line":41,"column":18},"end":{"line":41,"column":48}},"type":"binary-expr","locations":[{"start":{"line":41,"column":18},"end":{"line":41,"column":30}},{"start":{"line":41,"column":34},"end":{"line":41,"column":48}}],"line":41},"4":{"loc":{"start":{"line":101,"column":35},"end":{"line":101,"column":58}},"type":"cond-expr","locations":[{"start":{"line":101,"column":47},"end":{"line":101,"column":53}},{"start":{"line":101,"column":56},"end":{"line":101,"column":58}}],"line":101},"5":{"loc":{"start":{"line":109,"column":40},"end":{"line":109,"column":90}},"type":"binary-expr","locations":[{"start":{"line":109,"column":40},"end":{"line":109,"column":64}},{"start":{"line":109,"column":68},"end":{"line":109,"column":90}}],"line":109},"6":{"loc":{"start":{"line":116,"column":19},"end":{"line":116,"column":69}},"type":"binary-expr","locations":[{"start":{"line":116,"column":19},"end":{"line":116,"column":43}},{"start":{"line":116,"column":47},"end":{"line":116,"column":69}}],"line":116},"7":{"loc":{"start":{"line":122,"column":11},"end":{"line":146,"column":11}},"type":"binary-expr","locations":[{"start":{"line":122,"column":11},"end":{"line":122,"column":17}},{"start":{"line":123,"column":12},"end":{"line":145,"column":18}}],"line":122},"8":{"loc":{"start":{"line":125,"column":40},"end":{"line":125,"column":87}},"type":"binary-expr","locations":[{"start":{"line":125,"column":40},"end":{"line":125,"column":63}},{"start":{"line":125,"column":67},"end":{"line":125,"column":87}}],"line":125},"9":{"loc":{"start":{"line":131,"column":19},"end":{"line":131,"column":78}},"type":"binary-expr","locations":[{"start":{"line":131,"column":19},"end":{"line":131,"column":40}},{"start":{"line":131,"column":44},"end":{"line":131,"column":78}}],"line":131}},"s":{"0":1,"1":5,"2":5,"3":5,"4":5,"5":5,"6":5,"7":1,"8":1,"9":1,"10":1,"11":1,"12":0,"13":1,"14":1,"15":1,"16":1,"17":1,"18":5,"19":0,"20":5,"21":5,"22":1,"23":1,"24":0,"25":0},"f":{"0":5,"1":1,"2":0,"3":1,"4":1,"5":0,"6":0},"b":{"0":[0,1],"1":[0,1],"2":[1,1,1,1],"3":[5,3],"4":[1,4],"5":[5,4],"6":[5,4],"7":[5,1],"8":[1,0],"9":[1,0]},"_coverageSchema":"1a1c01bbd47fc00a2c39e90264f33305004495a9","hash":"e902215a7ec1e5e693d81612bfdac4d72ba4a5d5"}
,"E:\\javascripts\\Proyecto-sismos\\src\\components\\MyLocationHome\\MyLocationHome.jsx": {"path":"E:\\javascripts\\Proyecto-sismos\\src\\components\\MyLocationHome\\MyLocationHome.jsx","statementMap":{"0":{"start":{"line":11,"column":23},"end":{"line":78,"column":1}},"1":{"start":{"line":12,"column":32},"end":{"line":12,"column":47}},"2":{"start":{"line":13,"column":36},"end":{"line":13,"column":50}},"3":{"start":{"line":14,"column":28},"end":{"line":14,"column":40}},"4":{"start":{"line":15,"column":46},"end":{"line":15,"column":61}},"5":{"start":{"line":17,"column":2},"end":{"line":28,"column":9}},"6":{"start":{"line":18,"column":4},"end":{"line":21,"column":5}},"7":{"start":{"line":19,"column":6},"end":{"line":19,"column":30}},"8":{"start":{"line":20,"column":6},"end":{"line":20,"column":13}},"9":{"start":{"line":22,"column":4},"end":{"line":27,"column":6}},"10":{"start":{"line":24,"column":8},"end":{"line":24,"column":84}},"11":{"start":{"line":26,"column":12},"end":{"line":26,"column":35}},"12":{"start":{"line":30,"column":33},"end":{"line":41,"column":3}},"13":{"start":{"line":31,"column":4},"end":{"line":31,"column":21}},"14":{"start":{"line":32,"column":25},"end":{"line":32,"column":58}},"15":{"start":{"line":33,"column":16},"end":{"line":33,"column":66}},"16":{"start":{"line":34,"column":4},"end":{"line":40,"column":5}},"17":{"start":{"line":35,"column":21},"end":{"line":35,"column":51}},"18":{"start":{"line":36,"column":6},"end":{"line":36,"column":36}},"19":{"start":{"line":37,"column":6},"end":{"line":37,"column":32}},"20":{"start":{"line":39,"column":6},"end":{"line":39,"column":24}},"21":{"start":{"line":43,"column":2},"end":{"line":43,"column":71}},"22":{"start":{"line":43,"column":15},"end":{"line":43,"column":71}},"23":{"start":{"line":44,"column":2},"end":{"line":44,"column":38}},"24":{"start":{"line":44,"column":18},"end":{"line":44,"column":38}},"25":{"start":{"line":45,"column":2},"end":{"line":49,"column":4}},"26":{"start":{"line":45,"column":22},"end":{"line":49,"column":4}},"27":{"start":{"line":51,"column":2},"end":{"line":77,"column":4}},"28":{"start":{"line":54,"column":8},"end":{"line":70,"column":18}}},"fnMap":{"0":{"name":"(anonymous_0)","decl":{"start":{"line":11,"column":23},"end":{"line":11,"column":24}},"loc":{"start":{"line":11,"column":29},"end":{"line":78,"column":1}},"line":11},"1":{"name":"(anonymous_1)","decl":{"start":{"line":17,"column":12},"end":{"line":17,"column":13}},"loc":{"start":{"line":17,"column":18},"end":{"line":28,"column":3}},"line":17},"2":{"name":"(anonymous_2)","decl":{"start":{"line":23,"column":6},"end":{"line":23,"column":7}},"loc":{"start":{"line":23,"column":20},"end":{"line":25,"column":7}},"line":23},"3":{"name":"(anonymous_3)","decl":{"start":{"line":26,"column":6},"end":{"line":26,"column":7}},"loc":{"start":{"line":26,"column":12},"end":{"line":26,"column":35}},"line":26},"4":{"name":"(anonymous_4)","decl":{"start":{"line":30,"column":33},"end":{"line":30,"column":34}},"loc":{"start":{"line":30,"column":53},"end":{"line":41,"column":3}},"line":30},"5":{"name":"(anonymous_5)","decl":{"start":{"line":53,"column":36},"end":{"line":53,"column":37}},"loc":{"start":{"line":54,"column":8},"end":{"line":70,"column":18}},"line":54}},"branchMap":{"0":{"loc":{"start":{"line":18,"column":4},"end":{"line":21,"column":5}},"type":"if","locations":[{"start":{"line":18,"column":4},"end":{"line":21,"column":5}},{"start":{},"end":{}}],"line":18},"1":{"loc":{"start":{"line":36,"column":15},"end":{"line":36,"column":34}},"type":"binary-expr","locations":[{"start":{"line":36,"column":15},"end":{"line":36,"column":28}},{"start":{"line":36,"column":32},"end":{"line":36,"column":34}}],"line":36},"2":{"loc":{"start":{"line":43,"column":2},"end":{"line":43,"column":71}},"type":"if","locations":[{"start":{"line":43,"column":2},"end":{"line":43,"column":71}},{"start":{},"end":{}}],"line":43},"3":{"loc":{"start":{"line":44,"column":2},"end":{"line":44,"column":38}},"type":"if","locations":[{"start":{"line":44,"column":2},"end":{"line":44,"column":38}},{"start":{},"end":{}}],"line":44},"4":{"loc":{"start":{"line":45,"column":2},"end":{"line":49,"column":4}},"type":"if","locations":[{"start":{"line":45,"column":2},"end":{"line":49,"column":4}},{"start":{},"end":{}}],"line":45},"5":{"loc":{"start":{"line":53,"column":7},"end":{"line":75,"column":7}},"type":"cond-expr","locations":[{"start":{"line":53,"column":26},"end":{"line":71,"column":8}},{"start":{"line":72,"column":8},"end":{"line":74,"column":14}}],"line":53}},"s":{"0":0,"1":0,"2":0,"3":0,"4":0,"5":0,"6":0,"7":0,"8":0,"9":0,"10":0,"11":0,"12":0,"13":0,"14":0,"15":0,"16":0,"17":0,"18":0,"19":0,"20":0,"21":0,"22":0,"23":0,"24":0,"25":0,"26":0,"27":0,"28":0},"f":{"0":0,"1":0,"2":0,"3":0,"4":0,"5":0},"b":{"0":[0,0],"1":[0,0],"2":[0,0],"3":[0,0],"4":[0,0],"5":[0,0]}}
,"E:\\javascripts\\Proyecto-sismos\\src\\components\\PastDay\\AllEarthquakes.jsx": {"path":"E:\\javascripts\\Proyecto-sismos\\src\\components\\PastDay\\AllEarthquakes.jsx","statementMap":{"0":{"start":{"line":9,"column":23},"end":{"line":63,"column":1}},"1":{"start":{"line":10,"column":26},"end":{"line":10,"column":38}},"2":{"start":{"line":11,"column":28},"end":{"line":11,"column":40}},"3":{"start":{"line":12,"column":32},"end":{"line":12,"column":47}},"4":{"start":{"line":13,"column":36},"end":{"line":13,"column":50}},"5":{"start":{"line":14,"column":26},"end":{"line":14,"column":37}},"6":{"start":{"line":15,"column":23},"end":{"line":15,"column":24}},"7":{"start":{"line":16,"column":21},"end":{"line":16,"column":46}},"8":{"start":{"line":17,"column":19},"end":{"line":17,"column":44}},"9":{"start":{"line":19,"column":2},"end":{"line":31,"column":9}},"10":{"start":{"line":20,"column":23},"end":{"line":28,"column":5}},"11":{"start":{"line":21,"column":6},"end":{"line":21,"column":23}},"12":{"start":{"line":22,"column":21},"end":{"line":22,"column":46}},"13":{"start":{"line":23,"column":6},"end":{"line":27,"column":9}},"14":{"start":{"line":24,"column":8},"end":{"line":24,"column":32}},"15":{"start":{"line":25,"column":8},"end":{"line":25,"column":34}},"16":{"start":{"line":26,"column":8},"end":{"line":26,"column":26}},"17":{"start":{"line":30,"column":4},"end":{"line":30,"column":17}},"18":{"start":{"line":33,"column":2},"end":{"line":33,"column":28}},"19":{"start":{"line":35,"column":27},"end":{"line":39,"column":3}},"20":{"start":{"line":36,"column":21},"end":{"line":36,"column":35}},"21":{"start":{"line":37,"column":4},"end":{"line":37,"column":22}},"22":{"start":{"line":38,"column":4},"end":{"line":38,"column":15}},"23":{"start":{"line":41,"column":27},"end":{"line":43,"column":3}},"24":{"start":{"line":42,"column":4},"end":{"line":42,"column":21}},"25":{"start":{"line":45,"column":2},"end":{"line":62,"column":4}}},"fnMap":{"0":{"name":"(anonymous_0)","decl":{"start":{"line":9,"column":23},"end":{"line":9,"column":24}},"loc":{"start":{"line":9,"column":63},"end":{"line":63,"column":1}},"line":9},"1":{"name":"(anonymous_1)","decl":{"start":{"line":19,"column":12},"end":{"line":19,"column":13}},"loc":{"start":{"line":19,"column":18},"end":{"line":31,"column":3}},"line":19},"2":{"name":"(anonymous_2)","decl":{"start":{"line":20,"column":23},"end":{"line":20,"column":24}},"loc":{"start":{"line":20,"column":29},"end":{"line":28,"column":5}},"line":20},"3":{"name":"(anonymous_3)","decl":{"start":{"line":23,"column":39},"end":{"line":23,"column":40}},"loc":{"start":{"line":23,"column":51},"end":{"line":27,"column":7}},"line":23},"4":{"name":"(anonymous_4)","decl":{"start":{"line":33,"column":12},"end":{"line":33,"column":13}},"loc":{"start":{"line":33,"column":17},"end":{"line":33,"column":19}},"line":33},"5":{"name":"(anonymous_5)","decl":{"start":{"line":35,"column":27},"end":{"line":35,"column":28}},"loc":{"start":{"line":35,"column":34},"end":{"line":39,"column":3}},"line":35},"6":{"name":"(anonymous_6)","decl":{"start":{"line":41,"column":27},"end":{"line":41,"column":28}},"loc":{"start":{"line":41,"column":40},"end":{"line":43,"column":3}},"line":41}},"branchMap":{"0":{"loc":{"start":{"line":9,"column":26},"end":{"line":9,"column":57}},"type":"default-arg","locations":[{"start":{"line":9,"column":31},"end":{"line":9,"column":57}}],"line":9}},"s":{"0":0,"1":0,"2":0,"3":0,"4":0,"5":0,"6":0,"7":0,"8":0,"9":0,"10":0,"11":0,"12":0,"13":0,"14":0,"15":0,"16":0,"17":0,"18":0,"19":0,"20":0,"21":0,"22":0,"23":0,"24":0,"25":0},"f":{"0":0,"1":0,"2":0,"3":0,"4":0,"5":0,"6":0},"b":{"0":[0]}}
,"E:\\javascripts\\Proyecto-sismos\\src\\components\\PastHour\\PastHour.jsx": {"path":"E:\\javascripts\\Proyecto-sismos\\src\\components\\PastHour\\PastHour.jsx","statementMap":{"0":{"start":{"line":12,"column":17},"end":{"line":67,"column":1}},"1":{"start":{"line":13,"column":26},"end":{"line":13,"column":38}},"2":{"start":{"line":14,"column":32},"end":{"line":14,"column":46}},"3":{"start":{"line":15,"column":28},"end":{"line":15,"column":42}},"4":{"start":{"line":17,"column":20},"end":{"line":35,"column":8}},"5":{"start":{"line":18,"column":4},"end":{"line":18,"column":21}},"6":{"start":{"line":20,"column":19},"end":{"line":20,"column":55}},"7":{"start":{"line":22,"column":4},"end":{"line":34,"column":5}},"8":{"start":{"line":23,"column":21},"end":{"line":23,"column":54}},"9":{"start":{"line":24,"column":6},"end":{"line":29,"column":7}},"10":{"start":{"line":25,"column":8},"end":{"line":25,"column":37}},"11":{"start":{"line":26,"column":8},"end":{"line":26,"column":23}},"12":{"start":{"line":28,"column":8},"end":{"line":28,"column":70}},"13":{"start":{"line":31,"column":6},"end":{"line":31,"column":49}},"14":{"start":{"line":33,"column":6},"end":{"line":33,"column":47}},"15":{"start":{"line":33,"column":23},"end":{"line":33,"column":40}},"16":{"start":{"line":37,"column":2},"end":{"line":41,"column":18}},"17":{"start":{"line":38,"column":4},"end":{"line":38,"column":16}},"18":{"start":{"line":39,"column":23},"end":{"line":39,"column":60}},"19":{"start":{"line":40,"column":4},"end":{"line":40,"column":43}},"20":{"start":{"line":40,"column":17},"end":{"line":40,"column":42}},"21":{"start":{"line":43,"column":2},"end":{"line":66,"column":4}}},"fnMap":{"0":{"name":"(anonymous_0)","decl":{"start":{"line":12,"column":17},"end":{"line":12,"column":18}},"loc":{"start":{"line":12,"column":23},"end":{"line":67,"column":1}},"line":12},"1":{"name":"(anonymous_1)","decl":{"start":{"line":17,"column":32},"end":{"line":17,"column":33}},"loc":{"start":{"line":17,"column":44},"end":{"line":35,"column":3}},"line":17},"2":{"name":"(anonymous_2)","decl":{"start":{"line":33,"column":17},"end":{"line":33,"column":18}},"loc":{"start":{"line":33,"column":23},"end":{"line":33,"column":40}},"line":33},"3":{"name":"(anonymous_3)","decl":{"start":{"line":37,"column":12},"end":{"line":37,"column":13}},"loc":{"start":{"line":37,"column":18},"end":{"line":41,"column":3}},"line":37},"4":{"name":"(anonymous_4)","decl":{"start":{"line":40,"column":11},"end":{"line":40,"column":12}},"loc":{"start":{"line":40,"column":17},"end":{"line":40,"column":42}},"line":40}},"branchMap":{"0":{"loc":{"start":{"line":24,"column":6},"end":{"line":29,"column":7}},"type":"if","locations":[{"start":{"line":24,"column":6},"end":{"line":29,"column":7}},{"start":{"line":27,"column":13},"end":{"line":29,"column":7}}],"line":24},"1":{"loc":{"start":{"line":25,"column":16},"end":{"line":25,"column":35}},"type":"binary-expr","locations":[{"start":{"line":25,"column":16},"end":{"line":25,"column":29}},{"start":{"line":25,"column":33},"end":{"line":25,"column":35}}],"line":25},"2":{"loc":{"start":{"line":28,"column":17},"end":{"line":28,"column":68}},"type":"binary-expr","locations":[{"start":{"line":28,"column":17},"end":{"line":28,"column":29}},{"start":{"line":28,"column":33},"end":{"line":28,"column":68}}],"line":28},"3":{"loc":{"start":{"line":49,"column":7},"end":{"line":54,"column":7}},"type":"binary-expr","locations":[{"start":{"line":49,"column":7},"end":{"line":49,"column":12}},{"start":{"line":49,"column":16},"end":{"line":49,"column":24}},{"start":{"line":50,"column":8},"end":{"line":53,"column":14}}],"line":49},"4":{"loc":{"start":{"line":57,"column":9},"end":{"line":63,"column":9}},"type":"cond-expr","locations":[{"start":{"line":58,"column":10},"end":{"line":60,"column":16}},{"start":{"line":62,"column":10},"end":{"line":62,"column":39}}],"line":57}},"s":{"0":0,"1":0,"2":0,"3":0,"4":0,"5":0,"6":0,"7":0,"8":0,"9":0,"10":0,"11":0,"12":0,"13":0,"14":0,"15":0,"16":0,"17":0,"18":0,"19":0,"20":0,"21":0},"f":{"0":0,"1":0,"2":0,"3":0,"4":0},"b":{"0":[0,0],"1":[0,0],"2":[0,0],"3":[0,0,0],"4":[0,0]}}
,"E:\\javascripts\\Proyecto-sismos\\src\\components\\QuakeLibrary\\QuakeLibrary.jsx": {"path":"E:\\javascripts\\Proyecto-sismos\\src\\components\\QuakeLibrary\\QuakeLibrary.jsx","statementMap":{"0":{"start":{"line":4,"column":21},"end":{"line":8,"column":1}},"1":{"start":{"line":5,"column":2},"end":{"line":7,"column":3}}},"fnMap":{"0":{"name":"(anonymous_0)","decl":{"start":{"line":4,"column":21},"end":{"line":4,"column":22}},"loc":{"start":{"line":4,"column":27},"end":{"line":8,"column":1}},"line":4}},"branchMap":{},"s":{"0":0,"1":0},"f":{"0":0},"b":{}}
,"E:\\javascripts\\Proyecto-sismos\\src\\components\\QuakeMapMyLocation\\QuakeMapMyLocation.jsx": {"path":"E:\\javascripts\\Proyecto-sismos\\src\\components\\QuakeMapMyLocation\\QuakeMapMyLocation.jsx","statementMap":{"0":{"start":{"line":17,"column":27},"end":{"line":118,"column":1}},"1":{"start":{"line":18,"column":19},"end":{"line":18,"column":32}},"2":{"start":{"line":19,"column":34},"end":{"line":19,"column":48}},"3":{"start":{"line":21,"column":84},"end":{"line":21,"column":122}},"4":{"start":{"line":21,"column":107},"end":{"line":21,"column":121}},"5":{"start":{"line":23,"column":26},"end":{"line":32,"column":3}},"6":{"start":{"line":24,"column":4},"end":{"line":24,"column":23}},"7":{"start":{"line":25,"column":30},"end":{"line":25,"column":76}},"8":{"start":{"line":26,"column":4},"end":{"line":31,"column":5}},"9":{"start":{"line":27,"column":6},"end":{"line":27,"column":63}},"10":{"start":{"line":29,"column":6},"end":{"line":29,"column":41}},"11":{"start":{"line":30,"column":6},"end":{"line":30,"column":25}},"12":{"start":{"line":34,"column":17},"end":{"line":44,"column":3}},"13":{"start":{"line":46,"column":28},"end":{"line":49,"column":3}},"14":{"start":{"line":46,"column":45},"end":{"line":49,"column":3}},"15":{"start":{"line":47,"column":19},"end":{"line":47,"column":37}},"16":{"start":{"line":48,"column":4},"end":{"line":48,"column":56}},"17":{"start":{"line":51,"column":2},"end":{"line":117,"column":4}},"18":{"start":{"line":60,"column":29},"end":{"line":60,"column":51}},"19":{"start":{"line":72,"column":16},"end":{"line":89,"column":22}},"20":{"start":{"line":85,"column":22},"end":{"line":85,"column":88}},"21":{"start":{"line":85,"column":49},"end":{"line":85,"column":88}},"22":{"start":{"line":97,"column":35},"end":{"line":97,"column":78}}},"fnMap":{"0":{"name":"(anonymous_0)","decl":{"start":{"line":17,"column":27},"end":{"line":17,"column":28}},"loc":{"start":{"line":17,"column":33},"end":{"line":118,"column":1}},"line":17},"1":{"name":"(anonymous_1)","decl":{"start":{"line":21,"column":96},"end":{"line":21,"column":97}},"loc":{"start":{"line":21,"column":107},"end":{"line":21,"column":121}},"line":21},"2":{"name":"(anonymous_2)","decl":{"start":{"line":23,"column":26},"end":{"line":23,"column":27}},"loc":{"start":{"line":23,"column":33},"end":{"line":32,"column":3}},"line":23},"3":{"name":"(anonymous_3)","decl":{"start":{"line":46,"column":28},"end":{"line":46,"column":29}},"loc":{"start":{"line":46,"column":45},"end":{"line":49,"column":3}},"line":46},"4":{"name":"(anonymous_4)","decl":{"start":{"line":46,"column":45},"end":{"line":46,"column":46}},"loc":{"start":{"line":46,"column":56},"end":{"line":49,"column":3}},"line":46},"5":{"name":"(anonymous_5)","decl":{"start":{"line":60,"column":23},"end":{"line":60,"column":24}},"loc":{"start":{"line":60,"column":29},"end":{"line":60,"column":51}},"line":60},"6":{"name":"(anonymous_6)","decl":{"start":{"line":71,"column":26},"end":{"line":71,"column":27}},"loc":{"start":{"line":72,"column":16},"end":{"line":89,"column":22}},"line":72},"7":{"name":"(anonymous_7)","decl":{"start":{"line":84,"column":32},"end":{"line":84,"column":33}},"loc":{"start":{"line":84,"column":39},"end":{"line":86,"column":21}},"line":84},"8":{"name":"(anonymous_8)","decl":{"start":{"line":97,"column":28},"end":{"line":97,"column":29}},"loc":{"start":{"line":97,"column":35},"end":{"line":97,"column":78}},"line":97}},"branchMap":{"0":{"loc":{"start":{"line":25,"column":30},"end":{"line":25,"column":76}},"type":"binary-expr","locations":[{"start":{"line":25,"column":30},"end":{"line":25,"column":51}},{"start":{"line":25,"column":55},"end":{"line":25,"column":76}}],"line":25},"1":{"loc":{"start":{"line":26,"column":4},"end":{"line":31,"column":5}},"type":"if","locations":[{"start":{"line":26,"column":4},"end":{"line":31,"column":5}},{"start":{"line":28,"column":11},"end":{"line":31,"column":5}}],"line":26},"2":{"loc":{"start":{"line":53,"column":7},"end":{"line":115,"column":7}},"type":"cond-expr","locations":[{"start":{"line":54,"column":8},"end":{"line":54,"column":20}},{"start":{"line":56,"column":8},"end":{"line":114,"column":11}}],"line":53},"3":{"loc":{"start":{"line":61,"column":26},"end":{"line":61,"column":71}},"type":"cond-expr","locations":[{"start":{"line":61,"column":37},"end":{"line":61,"column":53}},{"start":{"line":61,"column":56},"end":{"line":61,"column":71}}],"line":61},"4":{"loc":{"start":{"line":64,"column":37},"end":{"line":64,"column":87}},"type":"cond-expr","locations":[{"start":{"line":64,"column":48},"end":{"line":64,"column":65}},{"start":{"line":64,"column":68},"end":{"line":64,"column":87}}],"line":64},"5":{"loc":{"start":{"line":68,"column":43},"end":{"line":68,"column":74}},"type":"cond-expr","locations":[{"start":{"line":68,"column":54},"end":{"line":68,"column":63}},{"start":{"line":68,"column":66},"end":{"line":68,"column":74}}],"line":68},"6":{"loc":{"start":{"line":81,"column":25},"end":{"line":81,"column":40}},"type":"binary-expr","locations":[{"start":{"line":81,"column":25},"end":{"line":81,"column":34}},{"start":{"line":81,"column":38},"end":{"line":81,"column":40}}],"line":81},"7":{"loc":{"start":{"line":82,"column":25},"end":{"line":82,"column":40}},"type":"binary-expr","locations":[{"start":{"line":82,"column":25},"end":{"line":82,"column":34}},{"start":{"line":82,"column":38},"end":{"line":82,"column":40}}],"line":82},"8":{"loc":{"start":{"line":85,"column":22},"end":{"line":85,"column":88}},"type":"if","locations":[{"start":{"line":85,"column":22},"end":{"line":85,"column":88}},{"start":{},"end":{}}],"line":85},"9":{"loc":{"start":{"line":105,"column":17},"end":{"line":105,"column":60}},"type":"cond-expr","locations":[{"start":{"line":105,"column":27},"end":{"line":105,"column":42}},{"start":{"line":105,"column":45},"end":{"line":105,"column":60}}],"line":105}},"s":{"0":0,"1":0,"2":0,"3":0,"4":0,"5":0,"6":0,"7":0,"8":0,"9":0,"10":0,"11":0,"12":0,"13":0,"14":0,"15":0,"16":0,"17":0,"18":0,"19":0,"20":0,"21":0,"22":0},"f":{"0":0,"1":0,"2":0,"3":0,"4":0,"5":0,"6":0,"7":0,"8":0},"b":{"0":[0,0],"1":[0,0],"2":[0,0],"3":[0,0],"4":[0,0],"5":[0,0],"6":[0,0],"7":[0,0],"8":[0,0],"9":[0,0]}}
,"E:\\javascripts\\Proyecto-sismos\\src\\components\\Quakerecient\\Quakerecient.jsx": {"path":"E:\\javascripts\\Proyecto-sismos\\src\\components\\Quakerecient\\Quakerecient.jsx","statementMap":{"0":{"start":{"line":9,"column":21},"end":{"line":75,"column":1}},"1":{"start":{"line":10,"column":28},"end":{"line":10,"column":42}},"2":{"start":{"line":11,"column":32},"end":{"line":11,"column":46}},"3":{"start":{"line":12,"column":28},"end":{"line":12,"column":43}},"4":{"start":{"line":14,"column":2},"end":{"line":47,"column":9}},"5":{"start":{"line":15,"column":20},"end":{"line":15,"column":24}},"6":{"start":{"line":17,"column":24},"end":{"line":40,"column":5}},"7":{"start":{"line":18,"column":6},"end":{"line":39,"column":7}},"8":{"start":{"line":19,"column":29},"end":{"line":23,"column":9}},"9":{"start":{"line":25,"column":23},"end":{"line":25,"column":77}},"10":{"start":{"line":26,"column":33},"end":{"line":26,"column":66}},"11":{"start":{"line":28,"column":8},"end":{"line":34,"column":9}},"12":{"start":{"line":29,"column":10},"end":{"line":33,"column":11}},"13":{"start":{"line":30,"column":12},"end":{"line":30,"column":32}},"14":{"start":{"line":32,"column":12},"end":{"line":32,"column":27}},"15":{"start":{"line":36,"column":8},"end":{"line":36,"column":38}},"16":{"start":{"line":36,"column":23},"end":{"line":36,"column":38}},"17":{"start":{"line":38,"column":8},"end":{"line":38,"column":41}},"18":{"start":{"line":38,"column":23},"end":{"line":38,"column":41}},"19":{"start":{"line":42,"column":4},"end":{"line":42,"column":18}},"20":{"start":{"line":44,"column":4},"end":{"line":46,"column":6}},"21":{"start":{"line":45,"column":6},"end":{"line":45,"column":24}},"22":{"start":{"line":49,"column":2},"end":{"line":55,"column":3}},"23":{"start":{"line":50,"column":4},"end":{"line":54,"column":6}},"24":{"start":{"line":57,"column":2},"end":{"line":63,"column":3}},"25":{"start":{"line":58,"column":4},"end":{"line":62,"column":6}},"26":{"start":{"line":65,"column":2},"end":{"line":74,"column":4}}},"fnMap":{"0":{"name":"(anonymous_0)","decl":{"start":{"line":9,"column":21},"end":{"line":9,"column":22}},"loc":{"start":{"line":9,"column":27},"end":{"line":75,"column":1}},"line":9},"1":{"name":"(anonymous_1)","decl":{"start":{"line":14,"column":12},"end":{"line":14,"column":13}},"loc":{"start":{"line":14,"column":18},"end":{"line":47,"column":3}},"line":14},"2":{"name":"(anonymous_2)","decl":{"start":{"line":17,"column":24},"end":{"line":17,"column":25}},"loc":{"start":{"line":17,"column":36},"end":{"line":40,"column":5}},"line":17},"3":{"name":"(anonymous_3)","decl":{"start":{"line":44,"column":11},"end":{"line":44,"column":12}},"loc":{"start":{"line":44,"column":17},"end":{"line":46,"column":5}},"line":44}},"branchMap":{"0":{"loc":{"start":{"line":28,"column":8},"end":{"line":34,"column":9}},"type":"if","locations":[{"start":{"line":28,"column":8},"end":{"line":34,"column":9}},{"start":{},"end":{}}],"line":28},"1":{"loc":{"start":{"line":29,"column":10},"end":{"line":33,"column":11}},"type":"if","locations":[{"start":{"line":29,"column":10},"end":{"line":33,"column":11}},{"start":{"line":31,"column":17},"end":{"line":33,"column":11}}],"line":29},"2":{"loc":{"start":{"line":29,"column":14},"end":{"line":29,"column":49}},"type":"binary-expr","locations":[{"start":{"line":29,"column":14},"end":{"line":29,"column":18}},{"start":{"line":29,"column":22},"end":{"line":29,"column":28}},{"start":{"line":29,"column":32},"end":{"line":29,"column":49}}],"line":29},"3":{"loc":{"start":{"line":36,"column":8},"end":{"line":36,"column":38}},"type":"if","locations":[{"start":{"line":36,"column":8},"end":{"line":36,"column":38}},{"start":{},"end":{}}],"line":36},"4":{"loc":{"start":{"line":38,"column":8},"end":{"line":38,"column":41}},"type":"if","locations":[{"start":{"line":38,"column":8},"end":{"line":38,"column":41}},{"start":{},"end":{}}],"line":38},"5":{"loc":{"start":{"line":49,"column":2},"end":{"line":55,"column":3}},"type":"if","locations":[{"start":{"line":49,"column":2},"end":{"line":55,"column":3}},{"start":{},"end":{}}],"line":49},"6":{"loc":{"start":{"line":57,"column":2},"end":{"line":63,"column":3}},"type":"if","locations":[{"start":{"line":57,"column":2},"end":{"line":63,"column":3}},{"start":{},"end":{}}],"line":57},"7":{"loc":{"start":{"line":57,"column":6},"end":{"line":57,"column":21}},"type":"binary-expr","locations":[{"start":{"line":57,"column":6},"end":{"line":57,"column":11}},{"start":{"line":57,"column":15},"end":{"line":57,"column":21}}],"line":57},"8":{"loc":{"start":{"line":68,"column":36},"end":{"line":68,"column":62}},"type":"binary-expr","locations":[{"start":{"line":68,"column":36},"end":{"line":68,"column":47}},{"start":{"line":68,"column":51},"end":{"line":68,"column":62}}],"line":68},"9":{"loc":{"start":{"line":70,"column":36},"end":{"line":70,"column":70}},"type":"binary-expr","locations":[{"start":{"line":70,"column":36},"end":{"line":70,"column":51}},{"start":{"line":70,"column":55},"end":{"line":70,"column":70}}],"line":70},"10":{"loc":{"start":{"line":71,"column":33},"end":{"line":71,"column":57}},"type":"binary-expr","locations":[{"start":{"line":71,"column":33},"end":{"line":71,"column":43}},{"start":{"line":71,"column":47},"end":{"line":71,"column":57}}],"line":71}},"s":{"0":1,"1":5,"2":5,"3":5,"4":5,"5":3,"6":3,"7":3,"8":3,"9":3,"10":3,"11":2,"12":2,"13":1,"14":1,"15":0,"16":0,"17":2,"18":2,"19":3,"20":3,"21":3,"22":5,"23":3,"24":2,"25":1,"26":1},"f":{"0":5,"1":3,"2":3,"3":3},"b":{"0":[2,0],"1":[1,1],"2":[2,1,1],"3":[0,0],"4":[2,0],"5":[3,2],"6":[1,1],"7":[2,1],"8":[1,1],"9":[1,1],"10":[1,1]},"_coverageSchema":"1a1c01bbd47fc00a2c39e90264f33305004495a9","hash":"58ce3548a7e94e154db95a09c5390f53466b667c"}
,"E:\\javascripts\\Proyecto-sismos\\src\\components\\RichterCalculator\\RichterCalculator.jsx": {"path":"E:\\javascripts\\Proyecto-sismos\\src\\components\\RichterCalculator\\RichterCalculator.jsx","statementMap":{"0":{"start":{"line":8,"column":26},"end":{"line":60,"column":1}},"1":{"start":{"line":9,"column":19},"end":{"line":9,"column":32}},"2":{"start":{"line":10,"column":58},"end":{"line":10,"column":98}},"3":{"start":{"line":10,"column":81},"end":{"line":10,"column":97}},"4":{"start":{"line":12,"column":23},"end":{"line":15,"column":3}},"5":{"start":{"line":13,"column":4},"end":{"line":13,"column":23}},"6":{"start":{"line":14,"column":4},"end":{"line":14,"column":29}},"7":{"start":{"line":17,"column":18},"end":{"line":17,"column":78}},"8":{"start":{"line":19,"column":2},"end":{"line":59,"column":4}},"9":{"start":{"line":31,"column":29},"end":{"line":31,"column":66}},"10":{"start":{"line":33,"column":31},"end":{"line":33,"column":58}},"11":{"start":{"line":44,"column":29},"end":{"line":44,"column":68}},"12":{"start":{"line":46,"column":31},"end":{"line":46,"column":60}}},"fnMap":{"0":{"name":"(anonymous_0)","decl":{"start":{"line":8,"column":26},"end":{"line":8,"column":27}},"loc":{"start":{"line":8,"column":32},"end":{"line":60,"column":1}},"line":8},"1":{"name":"(anonymous_1)","decl":{"start":{"line":10,"column":70},"end":{"line":10,"column":71}},"loc":{"start":{"line":10,"column":81},"end":{"line":10,"column":97}},"line":10},"2":{"name":"(anonymous_2)","decl":{"start":{"line":12,"column":23},"end":{"line":12,"column":24}},"loc":{"start":{"line":12,"column":30},"end":{"line":15,"column":3}},"line":12},"3":{"name":"(anonymous_3)","decl":{"start":{"line":31,"column":22},"end":{"line":31,"column":23}},"loc":{"start":{"line":31,"column":29},"end":{"line":31,"column":66}},"line":31},"4":{"name":"(anonymous_4)","decl":{"start":{"line":33,"column":24},"end":{"line":33,"column":25}},"loc":{"start":{"line":33,"column":31},"end":{"line":33,"column":58}},"line":33},"5":{"name":"(anonymous_5)","decl":{"start":{"line":44,"column":22},"end":{"line":44,"column":23}},"loc":{"start":{"line":44,"column":29},"end":{"line":44,"column":68}},"line":44},"6":{"name":"(anonymous_6)","decl":{"start":{"line":46,"column":24},"end":{"line":46,"column":25}},"loc":{"start":{"line":46,"column":31},"end":{"line":46,"column":60}},"line":46}},"branchMap":{"0":{"loc":{"start":{"line":17,"column":18},"end":{"line":17,"column":78}},"type":"binary-expr","locations":[{"start":{"line":17,"column":18},"end":{"line":17,"column":45}},{"start":{"line":17,"column":49},"end":{"line":17,"column":78}}],"line":17}},"s":{"0":0,"1":0,"2":0,"3":0,"4":0,"5":0,"6":0,"7":0,"8":0,"9":0,"10":0,"11":0,"12":0},"f":{"0":0,"1":0,"2":0,"3":0,"4":0,"5":0,"6":0},"b":{"0":[0,0]}}
,"E:\\javascripts\\Proyecto-sismos\\src\\components\\WorldMapWithControls\\WorldMapWithControls.jsx": {"path":"E:\\javascripts\\Proyecto-sismos\\src\\components\\WorldMapWithControls\\WorldMapWithControls.jsx","statementMap":{"0":{"start":{"line":20,"column":29},"end":{"line":167,"column":1}},"1":{"start":{"line":21,"column":19},"end":{"line":21,"column":32}},"2":{"start":{"line":25,"column":6},"end":{"line":25,"column":44}},"3":{"start":{"line":25,"column":29},"end":{"line":25,"column":43}},"4":{"start":{"line":28,"column":2},"end":{"line":32,"column":41}},"5":{"start":{"line":29,"column":4},"end":{"line":31,"column":5}},"6":{"start":{"line":30,"column":8},"end":{"line":30,"column":41}},"7":{"start":{"line":34,"column":26},"end":{"line":37,"column":3}},"8":{"start":{"line":35,"column":4},"end":{"line":35,"column":23}},"9":{"start":{"line":36,"column":4},"end":{"line":36,"column":37}},"10":{"start":{"line":39,"column":31},"end":{"line":41,"column":3}},"11":{"start":{"line":40,"column":4},"end":{"line":40,"column":78}},"12":{"start":{"line":43,"column":21},"end":{"line":46,"column":3}},"13":{"start":{"line":44,"column":4},"end":{"line":44,"column":26}},"14":{"start":{"line":45,"column":4},"end":{"line":45,"column":37}},"15":{"start":{"line":48,"column":24},"end":{"line":51,"column":3}},"16":{"start":{"line":49,"column":4},"end":{"line":49,"column":29}},"17":{"start":{"line":50,"column":4},"end":{"line":50,"column":32}},"18":{"start":{"line":53,"column":27},"end":{"line":55,"column":4}},"19":{"start":{"line":54,"column":4},"end":{"line":54,"column":70}},"20":{"start":{"line":57,"column":23},"end":{"line":61,"column":4}},"21":{"start":{"line":58,"column":4},"end":{"line":60,"column":13}},"22":{"start":{"line":63,"column":2},"end":{"line":166,"column":4}},"23":{"start":{"line":77,"column":33},"end":{"line":77,"column":69}},"24":{"start":{"line":98,"column":65},"end":{"line":98,"column":98}},"25":{"start":{"line":108,"column":37},"end":{"line":108,"column":75}},"26":{"start":{"line":115,"column":65},"end":{"line":115,"column":95}},"27":{"start":{"line":122,"column":78},"end":{"line":122,"column":97}},"28":{"start":{"line":122,"column":98},"end":{"line":122,"column":127}},"29":{"start":{"line":124,"column":77},"end":{"line":124,"column":96}},"30":{"start":{"line":124,"column":97},"end":{"line":124,"column":126}},"31":{"start":{"line":130,"column":65},"end":{"line":130,"column":92}},"32":{"start":{"line":140,"column":39},"end":{"line":140,"column":74}},"33":{"start":{"line":141,"column":41},"end":{"line":141,"column":69}}},"fnMap":{"0":{"name":"(anonymous_0)","decl":{"start":{"line":20,"column":29},"end":{"line":20,"column":30}},"loc":{"start":{"line":20,"column":35},"end":{"line":167,"column":1}},"line":20},"1":{"name":"(anonymous_1)","decl":{"start":{"line":25,"column":18},"end":{"line":25,"column":19}},"loc":{"start":{"line":25,"column":29},"end":{"line":25,"column":43}},"line":25},"2":{"name":"(anonymous_2)","decl":{"start":{"line":28,"column":12},"end":{"line":28,"column":13}},"loc":{"start":{"line":28,"column":18},"end":{"line":32,"column":3}},"line":28},"3":{"name":"(anonymous_3)","decl":{"start":{"line":34,"column":26},"end":{"line":34,"column":27}},"loc":{"start":{"line":34,"column":33},"end":{"line":37,"column":3}},"line":34},"4":{"name":"(anonymous_4)","decl":{"start":{"line":39,"column":31},"end":{"line":39,"column":32}},"loc":{"start":{"line":39,"column":38},"end":{"line":41,"column":3}},"line":39},"5":{"name":"(anonymous_5)","decl":{"start":{"line":43,"column":21},"end":{"line":43,"column":22}},"loc":{"start":{"line":43,"column":27},"end":{"line":46,"column":3}},"line":43},"6":{"name":"(anonymous_6)","decl":{"start":{"line":48,"column":24},"end":{"line":48,"column":25}},"loc":{"start":{"line":48,"column":30},"end":{"line":51,"column":3}},"line":48},"7":{"name":"(anonymous_7)","decl":{"start":{"line":53,"column":53},"end":{"line":53,"column":54}},"loc":{"start":{"line":54,"column":4},"end":{"line":54,"column":70}},"line":54},"8":{"name":"(anonymous_8)","decl":{"start":{"line":57,"column":42},"end":{"line":57,"column":43}},"loc":{"start":{"line":58,"column":4},"end":{"line":60,"column":13}},"line":58},"9":{"name":"(anonymous_9)","decl":{"start":{"line":77,"column":26},"end":{"line":77,"column":27}},"loc":{"start":{"line":77,"column":33},"end":{"line":77,"column":69}},"line":77},"10":{"name":"(anonymous_10)","decl":{"start":{"line":98,"column":59},"end":{"line":98,"column":60}},"loc":{"start":{"line":98,"column":65},"end":{"line":98,"column":98}},"line":98},"11":{"name":"(anonymous_11)","decl":{"start":{"line":108,"column":30},"end":{"line":108,"column":31}},"loc":{"start":{"line":108,"column":37},"end":{"line":108,"column":75}},"line":108},"12":{"name":"(anonymous_12)","decl":{"start":{"line":115,"column":59},"end":{"line":115,"column":60}},"loc":{"start":{"line":115,"column":65},"end":{"line":115,"column":95}},"line":115},"13":{"name":"(anonymous_13)","decl":{"start":{"line":122,"column":69},"end":{"line":122,"column":70}},"loc":{"start":{"line":122,"column":76},"end":{"line":122,"column":129}},"line":122},"14":{"name":"(anonymous_14)","decl":{"start":{"line":124,"column":68},"end":{"line":124,"column":69}},"loc":{"start":{"line":124,"column":75},"end":{"line":124,"column":128}},"line":124},"15":{"name":"(anonymous_15)","decl":{"start":{"line":130,"column":59},"end":{"line":130,"column":60}},"loc":{"start":{"line":130,"column":65},"end":{"line":130,"column":92}},"line":130},"16":{"name":"(anonymous_16)","decl":{"start":{"line":140,"column":32},"end":{"line":140,"column":33}},"loc":{"start":{"line":140,"column":39},"end":{"line":140,"column":74}},"line":140},"17":{"name":"(anonymous_17)","decl":{"start":{"line":141,"column":34},"end":{"line":141,"column":35}},"loc":{"start":{"line":141,"column":41},"end":{"line":141,"column":69}},"line":141}},"branchMap":{"0":{"loc":{"start":{"line":29,"column":4},"end":{"line":31,"column":5}},"type":"if","locations":[{"start":{"line":29,"column":4},"end":{"line":31,"column":5}},{"start":{},"end":{}}],"line":29},"1":{"loc":{"start":{"line":29,"column":8},"end":{"line":29,"column":51}},"type":"binary-expr","locations":[{"start":{"line":29,"column":8},"end":{"line":29,"column":17}},{"start":{"line":29,"column":22},"end":{"line":29,"column":28}},{"start":{"line":29,"column":32},"end":{"line":29,"column":50}}],"line":29},"2":{"loc":{"start":{"line":40,"column":21},"end":{"line":40,"column":75}},"type":"cond-expr","locations":[{"start":{"line":40,"column":40},"end":{"line":40,"column":59}},{"start":{"line":40,"column":62},"end":{"line":40,"column":75}}],"line":40},"3":{"loc":{"start":{"line":65,"column":7},"end":{"line":164,"column":7}},"type":"cond-expr","locations":[{"start":{"line":66,"column":8},"end":{"line":66,"column":20}},{"start":{"line":68,"column":8},"end":{"line":163,"column":11}}],"line":65},"4":{"loc":{"start":{"line":102,"column":17},"end":{"line":112,"column":17}},"type":"binary-expr","locations":[{"start":{"line":102,"column":17},"end":{"line":102,"column":38}},{"start":{"line":103,"column":18},"end":{"line":111,"column":27}}],"line":102},"5":{"loc":{"start":{"line":119,"column":17},"end":{"line":127,"column":17}},"type":"binary-expr","locations":[{"start":{"line":119,"column":17},"end":{"line":119,"column":29}},{"start":{"line":120,"column":18},"end":{"line":126,"column":24}}],"line":119},"6":{"loc":{"start":{"line":132,"column":63},"end":{"line":132,"column":79}},"type":"cond-expr","locations":[{"start":{"line":132,"column":68},"end":{"line":132,"column":72}},{"start":{"line":132,"column":75},"end":{"line":132,"column":79}}],"line":132},"7":{"loc":{"start":{"line":134,"column":17},"end":{"line":154,"column":17}},"type":"binary-expr","locations":[{"start":{"line":134,"column":17},"end":{"line":134,"column":26}},{"start":{"line":135,"column":18},"end":{"line":153,"column":24}}],"line":134}},"s":{"0":0,"1":0,"2":0,"3":0,"4":0,"5":0,"6":0,"7":0,"8":0,"9":0,"10":0,"11":0,"12":0,"13":0,"14":0,"15":0,"16":0,"17":0,"18":0,"19":0,"20":0,"21":0,"22":0,"23":0,"24":0,"25":0,"26":0,"27":0,"28":0,"29":0,"30":0,"31":0,"32":0,"33":0},"f":{"0":0,"1":0,"2":0,"3":0,"4":0,"5":0,"6":0,"7":0,"8":0,"9":0,"10":0,"11":0,"12":0,"13":0,"14":0,"15":0,"16":0,"17":0},"b":{"0":[0,0],"1":[0,0,0],"2":[0,0],"3":[0,0],"4":[0,0],"5":[0,0],"6":[0,0],"7":[0,0]}}
,"E:\\javascripts\\Proyecto-sismos\\src\\contexts\\WorldMapContext\\WorldMapContext.jsx": {"path":"E:\\javascripts\\Proyecto-sismos\\src\\contexts\\WorldMapContext\\WorldMapContext.jsx","statementMap":{"0":{"start":{"line":5,"column":31},"end":{"line":5,"column":46}},"1":{"start":{"line":7,"column":39},"end":{"line":17,"column":1}},"2":{"start":{"line":9,"column":19},"end":{"line":9,"column":38}},"3":{"start":{"line":11,"column":2},"end":{"line":15,"column":3}}},"fnMap":{"0":{"name":"(anonymous_0)","decl":{"start":{"line":7,"column":39},"end":{"line":7,"column":40}},"loc":{"start":{"line":7,"column":57},"end":{"line":17,"column":1}},"line":7}},"branchMap":{},"s":{"0":1,"1":1,"2":1,"3":1},"f":{"0":1},"b":{},"_coverageSchema":"1a1c01bbd47fc00a2c39e90264f33305004495a9","hash":"fffe83fa43afd3e0c12f343e0c1d37c637934a35"}
,"E:\\javascripts\\Proyecto-sismos\\src\\data\\Requeriments.js": {"path":"E:\\javascripts\\Proyecto-sismos\\src\\data\\Requeriments.js","statementMap":{"0":{"start":{"line":1,"column":16},"end":{"line":9,"column":1}}},"fnMap":{},"branchMap":{},"s":{"0":1},"f":{},"b":{},"_coverageSchema":"1a1c01bbd47fc00a2c39e90264f33305004495a9","hash":"1ad48db24f7601693ea4619f5aef270738463efd"}
,"E:\\javascripts\\Proyecto-sismos\\src\\data\\TablaData.js": {"path":"E:\\javascripts\\Proyecto-sismos\\src\\data\\TablaData.js","statementMap":{"0":{"start":{"line":5,"column":18},"end":{"line":46,"column":1}}},"fnMap":{},"branchMap":{},"s":{"0":0},"f":{},"b":{}}
,"E:\\javascripts\\Proyecto-sismos\\src\\data\\countries.js": {"path":"E:\\javascripts\\Proyecto-sismos\\src\\data\\countries.js","statementMap":{"0":{"start":{"line":1,"column":18},"end":{"line":982,"column":1}},"1":{"start":{"line":988,"column":26},"end":{"line":990,"column":1}},"2":{"start":{"line":989,"column":13},"end":{"line":989,"column":61}},"3":{"start":{"line":991,"column":0},"end":{"line":991,"column":82}}},"fnMap":{"0":{"name":"Coords","decl":{"start":{"line":987,"column":16},"end":{"line":987,"column":22}},"loc":{"start":{"line":987,"column":29},"end":{"line":992,"column":1}},"line":987},"1":{"name":"(anonymous_1)","decl":{"start":{"line":989,"column":4},"end":{"line":989,"column":5}},"loc":{"start":{"line":989,"column":13},"end":{"line":989,"column":61}},"line":989}},"branchMap":{"0":{"loc":{"start":{"line":991,"column":7},"end":{"line":991,"column":82}},"type":"cond-expr","locations":[{"start":{"line":991,"column":24},"end":{"line":991,"column":75}},{"start":{"line":991,"column":78},"end":{"line":991,"column":82}}],"line":991}},"s":{"0":3,"1":3,"2":280,"3":3},"f":{"0":3,"1":280},"b":{"0":[2,1]},"_coverageSchema":"1a1c01bbd47fc00a2c39e90264f33305004495a9","hash":"517a186b1baf2d614acbbdd1d7d09f6ac1839abc"}
,"E:\\javascripts\\Proyecto-sismos\\src\\hooks\\RichterHook\\RichterHook.jsx": {"path":"E:\\javascripts\\Proyecto-sismos\\src\\hooks\\RichterHook\\RichterHook.jsx","statementMap":{"0":{"start":{"line":6,"column":20},"end":{"line":40,"column":1}},"1":{"start":{"line":7,"column":38},"end":{"line":7,"column":51}},"2":{"start":{"line":8,"column":34},"end":{"line":8,"column":46}},"3":{"start":{"line":9,"column":38},"end":{"line":9,"column":52}},"4":{"start":{"line":10,"column":36},"end":{"line":10,"column":50}},"5":{"start":{"line":12,"column":16},"end":{"line":14,"column":3}},"6":{"start":{"line":13,"column":4},"end":{"line":13,"column":63}},"7":{"start":{"line":15,"column":23},"end":{"line":22,"column":3}},"8":{"start":{"line":16,"column":4},"end":{"line":16,"column":22}},"9":{"start":{"line":17,"column":26},"end":{"line":17,"column":58}},"10":{"start":{"line":18,"column":4},"end":{"line":18,"column":33}},"11":{"start":{"line":19,"column":22},"end":{"line":19,"column":55}},"12":{"start":{"line":20,"column":4},"end":{"line":20,"column":27}},"13":{"start":{"line":21,"column":4},"end":{"line":21,"column":11}},"14":{"start":{"line":24,"column":16},"end":{"line":27,"column":3}},"15":{"start":{"line":25,"column":2},"end":{"line":25,"column":19}},"16":{"start":{"line":26,"column":2},"end":{"line":26,"column":17}},"17":{"start":{"line":29,"column":2},"end":{"line":39,"column":3}}},"fnMap":{"0":{"name":"(anonymous_0)","decl":{"start":{"line":6,"column":20},"end":{"line":6,"column":21}},"loc":{"start":{"line":6,"column":26},"end":{"line":40,"column":1}},"line":6},"1":{"name":"(anonymous_1)","decl":{"start":{"line":12,"column":16},"end":{"line":12,"column":17}},"loc":{"start":{"line":12,"column":22},"end":{"line":14,"column":3}},"line":12},"2":{"name":"(anonymous_2)","decl":{"start":{"line":15,"column":23},"end":{"line":15,"column":24}},"loc":{"start":{"line":15,"column":30},"end":{"line":22,"column":3}},"line":15},"3":{"name":"(anonymous_3)","decl":{"start":{"line":24,"column":16},"end":{"line":24,"column":17}},"loc":{"start":{"line":24,"column":22},"end":{"line":27,"column":3}},"line":24}},"branchMap":{"0":{"loc":{"start":{"line":13,"column":11},"end":{"line":13,"column":63}},"type":"cond-expr","locations":[{"start":{"line":13,"column":51},"end":{"line":13,"column":56}},{"start":{"line":13,"column":59},"end":{"line":13,"column":63}}],"line":13},"1":{"loc":{"start":{"line":13,"column":11},"end":{"line":13,"column":49}},"type":"binary-expr","locations":[{"start":{"line":13,"column":11},"end":{"line":13,"column":27}},{"start":{"line":13,"column":31},"end":{"line":13,"column":49}}],"line":13}},"s":{"0":1,"1":6,"2":6,"3":6,"4":6,"5":6,"6":2,"7":6,"8":1,"9":1,"10":1,"11":1,"12":1,"13":1,"14":6,"15":1,"16":1,"17":6},"f":{"0":6,"1":2,"2":1,"3":1},"b":{"0":[1,1],"1":[2,1]},"_coverageSchema":"1a1c01bbd47fc00a2c39e90264f33305004495a9","hash":"9cf291a8fbf389d6a52516abca7bf326789554d2"}
,"E:\\javascripts\\Proyecto-sismos\\src\\hooks\\UseQkMapMyLocation\\UseQkMapMyLocation.jsx": {"path":"E:\\javascripts\\Proyecto-sismos\\src\\hooks\\UseQkMapMyLocation\\UseQkMapMyLocation.jsx","statementMap":{},"fnMap":{},"branchMap":{},"s":{},"f":{},"b":{}}
,"E:\\javascripts\\Proyecto-sismos\\src\\hooks\\useWMWithControls\\useWMWithControls.jsx": {"path":"E:\\javascripts\\Proyecto-sismos\\src\\hooks\\useWMWithControls\\useWMWithControls.jsx","statementMap":{"0":{"start":{"line":8,"column":27},"end":{"line":151,"column":1}},"1":{"start":{"line":10,"column":32},"end":{"line":10,"column":62}},"2":{"start":{"line":11,"column":36},"end":{"line":11,"column":50}},"3":{"start":{"line":12,"column":28},"end":{"line":12,"column":40}},"4":{"start":{"line":13,"column":32},"end":{"line":13,"column":47}},"5":{"start":{"line":14,"column":60},"end":{"line":14,"column":75}},"6":{"start":{"line":15,"column":42},"end":{"line":15,"column":57}},"7":{"start":{"line":16,"column":34},"end":{"line":16,"column":45}},"8":{"start":{"line":17,"column":32},"end":{"line":17,"column":43}},"9":{"start":{"line":18,"column":26},"end":{"line":18,"column":49}},"10":{"start":{"line":19,"column":36},"end":{"line":19,"column":51}},"11":{"start":{"line":20,"column":29},"end":{"line":20,"column":41}},"12":{"start":{"line":21,"column":22},"end":{"line":21,"column":37}},"13":{"start":{"line":22,"column":28},"end":{"line":22,"column":43}},"14":{"start":{"line":23,"column":28},"end":{"line":23,"column":50}},"15":{"start":{"line":26,"column":21},"end":{"line":35,"column":3}},"16":{"start":{"line":27,"column":4},"end":{"line":27,"column":21}},"17":{"start":{"line":28,"column":19},"end":{"line":28,"column":44}},"18":{"start":{"line":29,"column":4},"end":{"line":34,"column":7}},"19":{"start":{"line":30,"column":6},"end":{"line":30,"column":30}},"20":{"start":{"line":31,"column":6},"end":{"line":31,"column":32}},"21":{"start":{"line":32,"column":6},"end":{"line":32,"column":32}},"22":{"start":{"line":33,"column":6},"end":{"line":33,"column":24}},"23":{"start":{"line":37,"column":27},"end":{"line":40,"column":3}},"24":{"start":{"line":38,"column":4},"end":{"line":38,"column":23}},"25":{"start":{"line":39,"column":4},"end":{"line":39,"column":31}},"26":{"start":{"line":42,"column":25},"end":{"line":49,"column":3}},"27":{"start":{"line":43,"column":4},"end":{"line":43,"column":33}},"28":{"start":{"line":44,"column":4},"end":{"line":48,"column":5}},"29":{"start":{"line":45,"column":6},"end":{"line":45,"column":34}},"30":{"start":{"line":47,"column":6},"end":{"line":47,"column":28}},"31":{"start":{"line":51,"column":24},"end":{"line":61,
[...]
"column":18},"end":{"line":70,"column":19}},"loc":{"start":{"line":70,"column":37},"end":{"line":70,"column":108}},"line":70},"9":{"name":"(anonymous_9)","decl":{"start":{"line":71,"column":31},"end":{"line":71,"column":32}},"loc":{"start":{"line":71,"column":42},"end":{"line":71,"column":105}},"line":71},"10":{"name":"(anonymous_10)","decl":{"start":{"line":72,"column":28},"end":{"line":72,"column":29}},"loc":{"start":{"line":72,"column":39},"end":{"line":72,"column":84}},"line":72},"11":{"name":"(anonymous_11)","decl":{"start":{"line":73,"column":25},"end":{"line":73,"column":26}},"loc":{"start":{"line":73,"column":36},"end":{"line":73,"column":75}},"line":73},"12":{"name":"(anonymous_12)","decl":{"start":{"line":74,"column":26},"end":{"line":74,"column":27}},"loc":{"start":{"line":74,"column":37},"end":{"line":74,"column":85}},"line":74},"13":{"name":"(anonymous_13)","decl":{"start":{"line":75,"column":26},"end":{"line":75,"column":27}},"loc":{"start":{"line":75,"column":37},"end":{"line":75,"column":83}},"line":75},"14":{"name":"(anonymous_14)","decl":{"start":{"line":76,"column":23},"end":{"line":76,"column":24}},"loc":{"start":{"line":76,"column":34},"end":{"line":76,"column":51}},"line":76},"15":{"name":"(anonymous_15)","decl":{"start":{"line":78,"column":19},"end":{"line":78,"column":20}},"loc":{"start":{"line":78,"column":32},"end":{"line":97,"column":5}},"line":78},"16":{"name":"(anonymous_16)","decl":{"start":{"line":80,"column":47},"end":{"line":80,"column":48}},"loc":{"start":{"line":80,"column":58},"end":{"line":82,"column":13}},"line":80},"17":{"name":"(anonymous_17)","decl":{"start":{"line":83,"column":49},"end":{"line":83,"column":50}},"loc":{"start":{"line":83,"column":68},"end":{"line":91,"column":13}},"line":83},"18":{"name":"(anonymous_18)","decl":{"start":{"line":92,"column":48},"end":{"line":92,"column":49}},"loc":{"start":{"line":92,"column":72},"end":{"line":96,"column":13}},"line":92}},"branchMap":{"0":{"loc":{"start":{"line":14,"column":31},"end":{"line":14,"column":74}},"type":"binary-expr","locations":[{"start":{"line":14,"column":31},"end":{"line":14,"column":52}},{"start":{"line":14,"column":56},"end":{"line":14,"column":74}}],"line":14},"1":{"loc":{"start":{"line":22,"column":24},"end":{"line":22,"column":95}},"type":"cond-expr","locations":[{"start":{"line":22,"column":77},"end":{"line":22,"column":80}},{"start":{"line":22,"column":83},"end":{"line":22,"column":95}}],"line":22},"2":{"loc":{"start":{"line":22,"column":25},"end":{"line":22,"column":73}},"type":"binary-expr","locations":[{"start":{"line":22,"column":25},"end":{"line":22,"column":44}},{"start":{"line":22,"column":48},"end":{"line":22,"column":73}}],"line":22},"3":{"loc":{"start":{"line":69,"column":63},"end":{"line":69,"column":103}},"type":"if","locations":[{"start":{"line":69,"column":63},"end":{"line":69,"column":103}},{"start":{},"end":{}}],"line":69},"4":{"loc":{"start":{"line":70,"column":69},"end":{"line":70,"column":106}},"type":"if","locations":[{"start":{"line":70,"column":69},"end":{"line":70,"column":106}},{"start":{},"end":{}}],"line":70},"5":{"loc":{"start":{"line":74,"column":39},"end":{"line":74,"column":83}},"type":"if","locations":[{"start":{"line":74,"column":39},"end":{"line":74,"column":83}},{"start":{},"end":{}}],"line":74},"6":{"loc":{"start":{"line":75,"column":39},"end":{"line":75,"column":81}},"type":"if","locations":[{"start":{"line":75,"column":39},"end":{"line":75,"column":81}},{"start":{},"end":{}}],"line":75},"7":{"loc":{"start":{"line":85,"column":30},"end":{"line":85,"column":57}},"type":"binary-expr","locations":[{"start":{"line":85,"column":30},"end":{"line":85,"column":51}},{"start":{"line":85,"column":55},"end":{"line":85,"column":57}}],"line":85},"8":{"loc":{"start":{"line":86,"column":34},"end":{"line":86,"column":96}},"type":"cond-expr","locations":[{"start":{"line":86,"column":70},"end":{"line":86,"column":89}},{"start":{"line":86,"column":92},"end":{"line":86,"column":96}}],"line":86},"9":{"loc":{"start":{"line":88,"column":16},"end":{"line":90,"column":17}},"type":"if","locations":[{"start":{"line":88,"column":16},"end":{"line":90,"column":17}},{"start":{},"end":{}}],"line":88}},"s":{"0":1,"1":0,"2":0,"3":0,"4":0,"5":0,"6":0,"7":0,"8":0,"9":1,"10":1,"11":1,"12":0,"13":0,"14":0,"15":0,"16":1,"17":0,"18":0,"19":0,"20":0,"21":0,"22":0,"23":0,"24":0,"25":0,"26":2,"27":1,"28":2,"29":1,"30":0,"31":1,"32":0,"33":0,"34":0,"35":0,"36":0,"37":0,"38":0,"39":0,"40":0,"41":1},"f":{"0":0,"1":1,"2":0,"3":0,"4":0,"5":0,"6":1,"7":0,"8":0,"9":0,"10":0,"11":0,"12":2,"13":2,"14":0,"15":1,"16":0,"17":0,"18":0},"b":{"0":[0,0],"1":[0,0],"2":[0,0],"3":[0,0],"4":[0,0],"5":[1,1],"6":[1,1],"7":[0,0],"8":[0,0],"9":[0,0]},"_coverageSchema":"1a1c01bbd47fc00a2c39e90264f33305004495a9","hash":"eb7829b1f345185d0ff1e2efe504806bf3e8c880"}
,"E:\\javascripts\\Proyecto-sismos\\src\\utils\\Sismologia.js": {"path":"E:\\javascripts\\Proyecto-sismos\\src\\utils\\Sismologia.js","statementMap":{"0":{"start":{"line":11,"column":32},"end":{"line":11,"column":36}},"1":{"start":{"line":21,"column":2},"end":{"line":21,"column":40}},"2":{"start":{"line":30,"column":2},"end":{"line":30,"column":31}},"3":{"start":{"line":30,"column":22},"end":{"line":30,"column":31}},"4":{"start":{"line":31,"column":2},"end":{"line":31,"column":61}}},"fnMap":{"0":{"name":"calcularMomentoSismico","decl":{"start":{"line":20,"column":16},"end":{"line":20,"column":38}},"loc":{"start":{"line":20,"column":88},"end":{"line":22,"column":1}},"line":20},"1":{"name":"calcularMw","decl":{"start":{"line":29,"column":16},"end":{"line":29,"column":26}},"loc":{"start":{"line":29,"column":31},"end":{"line":32,"column":1}},"line":29}},"branchMap":{"0":{"loc":{"start":{"line":20,"column":60},"end":{"line":20,"column":86}},"type":"default-arg","locations":[{"start":{"line":20,"column":70},"end":{"line":20,"column":86}}],"line":20},"1":{"loc":{"start":{"line":30,"column":2},"end":{"line":30,"column":31}},"type":"if","locations":[{"start":{"line":30,"column":2},"end":{"line":30,"column":31}},{"start":{},"end":{}}],"line":30},"2":{"loc":{"start":{"line":30,"column":6},"end":{"line":30,"column":20}},"type":"binary-expr","locations":[{"start":{"line":30,"column":6},"end":{"line":30,"column":9}},{"start":{"line":30,"column":13},"end":{"line":30,"column":20}}],"line":30}},"s":{"0":1,"1":4,"2":5,"3":4,"4":1},"f":{"0":4,"1":5},"b":{"0":[3],"1":[4,1],"2":[5,2]},"_coverageSchema":"1a1c01bbd47fc00a2c39e90264f33305004495a9","hash":"856188280bc7a5c3553d708b3f2f32ad3638ba1f"}
,"E:\\javascripts\\Proyecto-sismos\\src\\utils\\Sismos.js": {"path":"E:\\javascripts\\Proyecto-sismos\\src\\utils\\Sismos.js","statementMap":{"0":{"start":{"line":3,"column":8},"end":{"line":3,"column":34}},"1":{"start":{"line":4,"column":8},"end":{"line":4,"column":38}},"2":{"start":{"line":7,"column":23},"end":{"line":7,"column":24}},"3":{"start":{"line":8,"column":19},"end":{"line":8,"column":45}},"4":{"start":{"line":9,"column":19},"end":{"line":9,"column":39}},"5":{"start":{"line":10,"column":19},"end":{"line":10,"column":39}},"6":{"start":{"line":11,"column":8},"end":{"line":11,"column":40}},"7":{"start":{"line":12,"column":8},"end":{"line":12,"column":24}}},"fnMap":{"0":{"name":"(anonymous_0)","decl":{"start":{"line":2,"column":2},"end":{"line":2,"column":3}},"loc":{"start":{"line":2,"column":36},"end":{"line":5,"column":5}},"line":2},"1":{"name":"(anonymous_1)","decl":{"start":{"line":6,"column":4},"end":{"line":6,"column":5}},"loc":{"start":{"line":6,"column":12},"end":{"line":13,"column":5}},"line":6}},"branchMap":{},"s":{"0":0,"1":0,"2":0,"3":0,"4":0,"5":0,"6":0,"7":0},"f":{"0":0,"1":0},"b":{},"_coverageSchema":"1a1c01bbd47fc00a2c39e90264f33305004495a9","hash":"b7f0a34e987bddbebdcb642c6eef0a5ae0fbc01b"}
,"E:\\javascripts\\Proyecto-sismos\\src\\utils\\TableScale.js": {"path":"E:\\javascripts\\Proyecto-sismos\\src\\utils\\TableScale.js","statementMap":{"0":{"start":{"line":1,"column":19},"end":{"line":50,"column":1}},"1":{"start":{"line":2,"column":5},"end":{"line":4,"column":5}},"2":{"start":{"line":3,"column":6},"end":{"line":3,"column":18}},"3":{"start":{"line":6,"column":5},"end":{"line":13,"column":6}},"4":{"start":{"line":7,"column":10},"end":{"line":11,"column":7}},"5":{"start":{"line":15,"column":5},"end":{"line":20,"column":11}},"6":{"start":{"line":16,"column":8},"end":{"line":19,"column":36}},"7":{"start":{"line":22,"column":5},"end":{"line":28,"column":6}},"8":{"start":{"line":23,"column":16},"end":{"line":27,"column":17}},"9":{"start":{"line":30,"column":5},"end":{"line":35,"column":6}},"10":{"start":{"line":31,"column":7},"end":{"line":34,"column":35}},"11":{"start":{"line":37,"column":5},"end":{"line":42,"column":11}},"12":{"start":{"line":38,"column":7},"end":{"line":41,"column":35}},"13":{"start":{"line":43,"column":5},"end":{"line":49,"column":4}},"14":{"start":{"line":44,"column":11},"end":{"line":48,"column":12}}},"fnMap":{"0":{"name":"(anonymous_0)","decl":{"start":{"line":1,"column":19},"end":{"line":1,"column":20}},"loc":{"start":{"line":1,"column":31},"end":{"line":50,"column":1}},"line":1}},"branchMap":{"0":{"loc":{"start":{"line":2,"column":5},"end":{"line":4,"column":5}},"type":"if","locations":[{"start":{"line":2,"column":5},"end":{"line":4,"column":5}},{"start":{},"end":{}}],"line":2},"1":{"loc":{"start":{"line":2,"column":9},"end":{"line":2,"column":46}},"type":"binary-expr","locations":[{"start":{"line":2,"column":9},"end":{"line":2,"column":29}},{"start":{"line":2,"column":33},"end":{"line":2,"column":46}}],"line":2},"2":{"loc":{"start":{"line":6,"column":5},"end":{"line":13,"column":6}},"type":"if","locations":[{"start":{"line":6,"column":5},"end":{"line":13,"column":6}},{"start":{},"end":{}}],"line":6},"3":{"loc":{"start":{"line":15,"column":5},"end":{"line":20,"column":11}},"type":"if","locations":[{"start":{"line":15,"column":5},"end":{"line":20,"column":11}},{"start":{},"end":{}}],"line":15},"4":{"loc":{"start":{"line":15,"column":8},"end":{"line":15,"column":39}},"type":"binary-expr","locations":[{"start":{"line":15,"column":8},"end":{"line":15,"column":22}},{"start":{"line":15,"column":26},"end":{"line":15,"column":39}}],"line":15},"5":{"loc":{"start":{"line":22,"column":5},"end":{"line":28,"column":6}},"type":"if","locations":[{"start":{"line":22,"column":5},"end":{"line":28,"column":6}},{"start":{},"end":{}}],"line":22},"6":{"loc":{"start":{"line":22,"column":8},"end":{"line":22,"column":38}},"type":"binary-expr","locations":[{"start":{"line":22,"column":8},"end":{"line":22,"column":21}},{"start":{"line":22,"column":25},"end":{"line":22,"column":38}}],"line":22},"7":{"loc":{"start":{"line":30,"column":5},"end":{"line":35,"column":6}},"type":"if","locations":[{"start":{"line":30,"column":5},"end":{"line":35,"column":6}},{"start":{},"end":{}}],"line":30},"8":{"loc":{"start":{"line":30,"column":8},"end":{"line":30,"column":39}},"type":"binary-expr","locations":[{"start":{"line":30,"column":8},"end":{"line":30,"column":22}},{"start":{"line":30,"column":26},"end":{"line":30,"column":39}}],"line":30},"9":{"loc":{"start":{"line":37,"column":5},"end":{"line":42,"column":11}},"type":"if","locations":[{"start":{"line":37,"column":5},"end":{"line":42,"column":11}},{"start":{},"end":{}}],"line":37},"10":{"loc":{"start":{"line":37,"column":8},"end":{"line":37,"column":40}},"type":"binary-expr","locations":[{"start":{"line":37,"column":8},"end":{"line":37,"column":23}},{"start":{"line":37,"column":27},"end":{"line":37,"column":40}}],"line":37},"11":{"loc":{"start":{"line":43,"column":5},"end":{"line":49,"column":4}},"type":"if","locations":[{"start":{"line":43,"column":5},"end":{"line":49,"column":4}},{"start":{},"end":{}}],"line":43}},"s":{"0":2,"1":8,"2":2,"3":6,"4":1,"5":5,"6":1,"7":4,"8":1,"9":3,"10":1,"11":2,"12":1,"13":1,"14":1},"f":{"0":8},"b":{"0":[2,6],"1":[8,7],"2":[1,5],"3":[1,4],"4":[5,5],"5":[1,3],"6":[4,4],"7":[1,2],"8":[3,3],"9":[1,1],"10":[2,2],"11":[1,0]},"_coverageSchema":"1a1c01bbd47fc00a2c39e90264f33305004495a9","hash":"739059c70aa16dac946bc93ff57423666dd2901a"}
,"E:\\javascripts\\Proyecto-sismos\\src\\utils\\calculoMagnitudSismica.js": {"path":"E:\\javascripts\\Proyecto-sismos\\src\\utils\\calculoMagnitudSismica.js","statementMap":{"0":{"start":{"line":3,"column":6},"end":{"line":3,"column":19}},"1":{"start":{"line":4,"column":6},"end":{"line":4,"column":17}},"2":{"start":{"line":5,"column":6},"end":{"line":5,"column":17}},"3":{"start":{"line":6,"column":6},"end":{"line":6,"column":42}},"4":{"start":{"line":11,"column":6},"end":{"line":11,"column":24}},"5":{"start":{"line":16,"column":24},"end":{"line":16,"column":27}},"6":{"start":{"line":17,"column":6},"end":{"line":17,"column":52}},"7":{"start":{"line":22,"column":28},"end":{"line":22,"column":32}},"8":{"start":{"line":23,"column":6},"end":{"line":23,"column":56}},"9":{"start":{"line":28,"column":6},"end":{"line":28,"column":46}},"10":{"start":{"line":33,"column":23},"end":{"line":33,"column":48}},"11":{"start":{"line":34,"column":6},"end":{"line":34,"column":51}},"12":{"start":{"line":39,"column":11},"end":{"line":39,"column":14}},"13":{"start":{"line":40,"column":10},"end":{"line":40,"column":25}},"14":{"start":{"line":41,"column":10},"end":{"line":41,"column":11}},"15":{"start":{"line":44,"column":14},"end":{"line":44,"column":38}},"16":{"start":{"line":46,"column":0},"end":{"line":46,"column":53}},"17":{"start":{"line":49,"column":13},"end":{"line":49,"column":32}},"18":{"start":{"line":50,"column":0},"end":{"line":50,"column":61}},"19":{"start":{"line":53,"column":17},"end":{"line":53,"column":40}},"20":{"start":{"line":54,"column":0},"end":{"line":54,"column":70}}},"fnMap":{"0":{"name":"(anonymous_0)","decl":{"start":{"line":2,"column":2},"end":{"line":2,"column":3}},"loc":{"start":{"line":2,"column":24},"end":{"line":7,"column":3}},"line":2},"1":{"name":"(anonymous_1)","decl":{"start":{"line":10,"column":2},"end":{"line":10,"column":3}},"loc":{"start":{"line":10,"column":23},"end":{"line":12,"column":3}},"line":10},"2":{"name":"(anonymous_2)","decl":{"start":{"line":15,"column":2},"end":{"line":15,"column":3}},"loc":{"start":{"line":15,"column":19},"end":{"line":18,"column":3}},"line":15},"3":{"name":"(anonymous_3)","decl":{"start":{"line":21,"column":3},"end":{"line":21,"column":4}},"loc":{"start":{"line":21,"column":24},"end":{"line":24,"column":3}},"line":21},"4":{"name":"(anonymous_4)","decl":{"start":{"line":27,"column":2},"end":{"line":27,"column":3}},"loc":{"start":{"line":27,"column":16},"end":{"line":29,"column":3}},"line":27},"5":{"name":"(anonymous_5)","decl":{"start":{"line":32,"column":2},"end":{"line":32,"column":3}},"loc":{"start":{"line":32,"column":20},"end":{"line":35,"column":3}},"line":32}},"branchMap":{},"s":{"0":0,"1":0,"2":0,"3":0,"4":0,"5":0,"6":0,"7":0,"8":0,"9":0,"10":0,"11":0,"12":0,"13":0,"14":0,"15":0,"16":0,"17":0,"18":0,"19":0,"20":0},"f":{"0":0,"1":0,"2":0,"3":0,"4":0,"5":0},"b":{}}
,"E:\\javascripts\\Proyecto-sismos\\src\\utils\\validation.js": {"path":"E:\\javascripts\\Proyecto-sismos\\src\\utils\\validation.js","statementMap":{"0":{"start":{"line":1,"column":23},"end":{"line":10,"column":3}},"1":{"start":{"line":3,"column":20},"end":{"line":3,"column":48}},"2":{"start":{"line":4,"column":21},"end":{"line":4,"column":49}},"3":{"start":{"line":5,"column":25},"end":{"line":5,"column":59}},"4":{"start":{"line":7,"column":4},"end":{"line":9,"column":5}},"5":{"start":{"line":8,"column":6},"end":{"line":8,"column":29}},"6":{"start":{"line":14,"column":14},"end":{"line":14,"column":23}},"7":{"start":{"line":17,"column":20},"end":{"line":17,"column":29}},"8":{"start":{"line":20,"column":20},"end":{"line":20,"column":24}},"9":{"start":{"line":23,"column":2},"end":{"line":26,"column":3}},"10":{"start":{"line":24,"column":4},"end":{"line":24,"column":27}},"11":{"start":{"line":25,"column":4},"end":{"line":25,"column":11}},"12":{"start":{"line":29,"column":2},"end":{"line":32,"column":3}},"13":{"start":{"line":30,"column":4},"end":{"line":30,"column":27}},"14":{"start":{"line":31,"column":4},"end":{"line":31,"column":11}},"15":{"start":{"line":35,"column":2},"end":{"line":38,"column":3}},"16":{"start":{"line":36,"column":4},"end":{"line":36,"column":27}},"17":{"start":{"line":37,"column":4},"end":{"line":37,"column":11}},"18":{"start":{"line":41,"column":33},"end":{"line":50,"column":3}},"19":{"start":{"line":42,"column":20},"end":{"line":42,"column":48}},"20":{"start":{"line":43,"column":21},"end":{"line":43,"column":49}},"21":{"start":{"line":44,"column":22},"end":{"line":44,"column":38}},"22":{"start":{"line":45,"column":25},"end":{"line":45,"column":47}},"23":{"start":{"line":47,"column":4},"end":{"line":49,"column":5}},"24":{"start":{"line":48,"column":6},"end":{"line":48,"column":29}}},"fnMap":{"0":{"name":"(anonymous_0)","decl":{"start":{"line":1,"column":23},"end":{"line":1,"column":24}},"loc":{"start":{"line":1,"column":40},"end":{"line":10,"column":3}},"line":1},"1":{"name":"HandleDecimalNumber","decl":{"start":{"line":13,"column":16},"end":{"line":13,"column":35}},"loc":{"start":{"line":13,"column":51},"end":{"line":39,"column":1}},"line":13},"2":{"name":"(anonymous_2)","decl":{"start":{"line":41,"column":33},"end":{"line":41,"column":34}},"loc":{"start":{"line":41,"column":51},"end":{"line":50,"column":3}},"line":41}},"branchMap":{"0":{"loc":{"start":{"line":3,"column":20},"end":{"line":3,"column":48}},"type":"binary-expr","locations":[{"start":{"line":3,"column":20},"end":{"line":3,"column":33}},{"start":{"line":3,"column":37},"end":{"line":3,"column":48}}],"line":3},"1":{"loc":{"start":{"line":7,"column":4},"end":{"line":9,"column":5}},"type":"if","locations":[{"start":{"line":7,"column":4},"end":{"line":9,"column":5}},{"start":{},"end":{}}],"line":7},"2":{"loc":{"start":{"line":23,"column":2},"end":{"line":26,"column":3}},"type":"if","locations":[{"start":{"line":23,"column":2},"end":{"line":26,"column":3}},{"start":{},"end":{}}],"line":23},"3":{"loc":{"start":{"line":29,"column":2},"end":{"line":32,"column":3}},"type":"if","locations":[{"start":{"line":29,"column":2},"end":{"line":32,"column":3}},{"start":{},"end":{}}],"line":29},"4":{"loc":{"start":{"line":29,"column":6},"end":{"line":29,"column":40}},"type":"binary-expr","locations":[{"start":{"line":29,"column":6},"end":{"line":29,"column":17}},{"start":{"line":29,"column":21},"end":{"line":29,"column":40}}],"line":29},"5":{"loc":{"start":{"line":35,"column":2},"end":{"line":38,"column":3}},"type":"if","locations":[{"start":{"line":35,"column":2},"end":{"line":38,"column":3}},{"start":{},"end":{}}],"line":35},"6":{"loc":{"start":{"line":35,"column":6},"end":{"line":35,"column":88}},"type":"binary-expr","locations":[{"start":{"line":35,"column":6},"end":{"line":35,"column":17}},{"start":{"line":35,"column":22},"end":{"line":35,"column":50}},{"start":{"line":35,"column":54},"end":{"line":35,"column":87}}],"line":35},"7":{"loc":{"start":{"line":42,"column":20},"end":{"line":42,"column":48}},"type":"binary-expr","locations":[{"start":{"line":42,"column":20},"end":{"line":42,"column":33}},{"start":{"line":42,"column":37},"end":{"line":42,"column":48}}],"line":42},"8":{"loc":{"start":{"line":47,"column":4},"end":{"line":49,"column":5}},"type":"if","locations":[{"start":{"line":47,"column":4},"end":{"line":49,"column":5}},{"start":{},"end":{}}],"line":47},"9":{"loc":{"start":{"line":47,"column":8},"end":{"line":47,"column":42}},"type":"binary-expr","locations":[{"start":{"line":47,"column":8},"end":{"line":47,"column":21}},{"start":{"line":47,"column":25},"end":{"line":47,"column":42}}],"line":47}},"s":{"0":3,"1":2,"2":2,"3":2,"4":2,"5":1,"6":3,"7":3,"8":3,"9":3,"10":0,"11":0,"12":3,"13":1,"14":1,"15":2,"16":0,"17":0,"18":3,"19":2,"20":2,"21":2,"22":2,"23":2,"24":2},"f":{"0":2,"1":3,"2":2},"b":{"0":[2,0],"1":[1,1],"2":[0,3],"3":[1,2],"4":[3,1],"5":[0,2],"6":[2,0,0],"7":[2,0],"8":[2,0],"9":[2,1]},"_coverageSchema":"1a1c01bbd47fc00a2c39e90264f33305004495a9","hash":"dc668756720f794b23738aa093f03ab75adbb849"}
}
