TN:
SF:src\App.jsx
FN:15,(anonymous_0)
FN:17,(anonymous_1)
FNF:2
FNH:0
FNDA:0,(anonymous_0)
FNDA:0,(anonymous_1)
DA:15,0
DA:17,0
DA:18,0
LF:3
LH:0
BRF:0
BRH:0
end_of_record
TN:
SF:src\index.jsx
FNF:0
FNH:0
DA:8,0
LF:1
LH:0
BRF:0
BRH:0
end_of_record
TN:
SF:src\components\AllEarthquakes\AllEarthquakes.jsx
FN:8,(anonymous_0)
FN:10,(anonymous_1)
FN:12,(anonymous_2)
FN:19,(anonymous_3)
FN:23,(anonymous_4)
FNF:5
FNH:0
FNDA:0,(anonymous_0)
FNDA:0,(anonymous_1)
FNDA:0,(anonymous_2)
FNDA:0,(anonymous_3)
FNDA:0,(anonymous_4)
DA:8,0
DA:9,0
DA:10,0
DA:12,0
DA:13,0
DA:14,0
DA:16,0
DA:19,0
DA:20,0
DA:23,0
DA:24,0
DA:27,0
LF:12
LH:0
BRDA:13,0,0,0
BRDA:13,0,1,0
BRDA:35,1,0,0
BRDA:35,1,1,0
BRF:4
BRH:0
end_of_record
TN:
SF:src\components\ButtonModal\ButtonModal.jsx
FN:4,(anonymous_0)
FNF:1
FNH:1
FNDA:7,(anonymous_0)
DA:4,2
DA:5,7
LF:2
LH:2
BRF:0
BRH:0
end_of_record
TN:
SF:src\components\CardAllUrl\CardAllUrl.jsx
FN:9,(anonymous_0)
FN:10,(anonymous_1)
FN:23,(anonymous_2)
FN:29,(anonymous_3)
FN:41,(anonymous_4)
FN:42,(anonymous_5)
FN:53,(anonymous_6)
FN:78,(anonymous_7)
FN:89,(anonymous_8)
FNF:9
FNH:0
FNDA:0,(anonymous_0)
FNDA:0,(anonymous_1)
FNDA:0,(anonymous_2)
FNDA:0,(anonymous_3)
FNDA:0,(anonymous_4)
FNDA:0,(anonymous_5)
FNDA:0,(anonymous_6)
FNDA:0,(anonymous_7)
FNDA:0,(anonymous_8)
DA:9,0
DA:10,0
DA:11,0
DA:14,0
DA:15,0
DA:16,0
DA:17,0
DA:19,0
DA:20,0
DA:21,0
DA:23,0
DA:24,0
DA:25,0
DA:26,0
DA:29,0
DA:30,0
DA:33,0
DA:42,0
DA:54,0
DA:55,0
DA:78,0
DA:89,0
LF:22
LH:0
BRDA:11,0,0,0
BRDA:11,0,1,0
BRDA:11,1,0,0
BRDA:11,1,1,0
BRDA:36,2,0,0
BRDA:36,2,1,0
BRDA:38,3,0,0
BRDA:38,3,1,0
BRDA:65,4,0,0
BRDA:65,4,1,0
BRDA:74,5,0,0
BRDA:74,5,1,0
BRF:12
BRH:0
end_of_record
TN:
SF:src\components\CardPastHour\CardPastHour.jsx
FN:10,(anonymous_0)
FN:18,(anonymous_1)
FN:27,(anonymous_2)
FN:47,(anonymous_3)
FN:59,(anonymous_4)
FNF:5
FNH:0
FNDA:0,(anonymous_0)
FNDA:0,(anonymous_1)
FNDA:0,(anonymous_2)
FNDA:0,(anonymous_3)
FNDA:0,(anonymous_4)
DA:10,0
DA:11,0
DA:12,0
DA:13,0
DA:18,0
DA:19,0
DA:20,0
DA:21,0
DA:27,0
DA:28,0
DA:29,0
DA:30,0
DA:37,0
DA:38,0
DA:45,0
DA:48,0
DA:59,0
LF:17
LH:0
BRDA:37,0,0,0
BRDA:37,0,1,0
BRDA:37,1,0,0
BRDA:37,1,1,0
BRDA:48,2,0,0
BRDA:48,2,1,0
BRDA:49,3,0,0
BRDA:49,3,1,0
BRDA:50,4,0,0
BRDA:50,4,1,0
BRDA:56,5,0,0
BRDA:56,5,1,0
BRDA:59,6,0,0
BRDA:59,6,1,0
BRDA:60,7,0,0
BRDA:60,7,1,0
BRDA:67,8,0,0
BRDA:67,8,1,0
BRF:18
BRH:0
end_of_record
TN:
SF:src\components\Error429\Error429.jsx
FN:7,(anonymous_0)
FNF:1
FNH:1
FNDA:1,(anonymous_0)
DA:7,1
DA:8,1
LF:2
LH:2
BRF:0
BRH:0
end_of_record
TN:
SF:src\components\Home\Home.jsx
FN:9,(anonymous_0)
FN:34,(anonymous_1)
FNF:2
FNH:0
FNDA:0,(anonymous_0)
FNDA:0,(anonymous_1)
DA:9,0
DA:10,0
DA:35,0
LF:3
LH:0
BRF:0
BRH:0
end_of_record
TN:
SF:src\components\Load\Load.jsx
FN:3,(anonymous_0)
FNF:1
FNH:1
FNDA:1,(anonymous_0)
DA:3,1
DA:4,1
LF:2
LH:2
BRF:0
BRH:0
end_of_record
TN:
SF:src\components\MapEarth\MapEarth.jsx
FN:9,(anonymous_0)
FN:26,(anonymous_1)
FN:28,(anonymous_2)
FN:53,(anonymous_3)
FN:58,(anonymous_4)
FN:75,(anonymous_5)
FN:86,(anonymous_6)
FNF:7
FNH:0
FNDA:0,(anonymous_0)
FNDA:0,(anonymous_1)
FNDA:0,(anonymous_2)
FNDA:0,(anonymous_3)
FNDA:0,(anonymous_4)
FNDA:0,(anonymous_5)
FNDA:0,(anonymous_6)
DA:7,0
DA:9,0
DA:10,0
DA:14,0
DA:19,0
DA:23,0
DA:26,0
DA:28,0
DA:29,0
DA:45,0
DA:46,0
DA:49,0
DA:53,0
DA:54,0
DA:55,0
DA:58,0
DA:59,0
DA:61,0
DA:62,0
DA:64,0
DA:69,0
DA:70,0
DA:73,0
DA:75,0
DA:76,0
DA:77,0
DA:82,0
DA:86,0
DA:87,0
DA:88,0
DA:89,0
DA:94,0
LF:32
LH:0
BRDA:61,0,0,0
BRDA:61,0,1,0
BRDA:62,1,0,0
BRDA:62,1,1,0
BRDA:73,2,0,0
BRDA:73,2,1,0
BRDA:76,3,0,0
BRDA:76,3,1,0
BRDA:87,4,0,0
BRDA:87,4,1,0
BRDA:97,5,0,0
BRDA:97,5,1,0
BRF:12
BRH:0
end_of_record
TN:
SF:src\components\MapModalPastHour\MapModalPastHour.jsx
FN:8,(anonymous_0)
FN:17,(anonymous_1)
FNF:2
FNH:0
FNDA:0,(anonymous_0)
FNDA:0,(anonymous_1)
DA:8,0
DA:9,0
DA:12,0
DA:13,0
DA:14,0
DA:16,0
DA:17,0
LF:7
LH:0
BRDA:9,0,0,0
BRDA:9,0,1,0
BRDA:12,1,0,0
BRDA:12,1,1,0
BRDA:13,2,0,0
BRDA:13,2,1,0
BRDA:14,3,0,0
BRDA:14,3,1,0
BRDA:17,4,0,0
BRDA:17,4,1,0
BRF:10
BRH:0
end_of_record
TN:
SF:src\components\MapQuake\MapQuake.jsx
FN:9,(anonymous_0)
FNF:1
FNH:0
FNDA:0,(anonymous_0)
DA:9,0
DA:11,0
DA:12,0
DA:13,0
DA:14,0
DA:16,0
DA:17,0
DA:25,0
DA:32,0
LF:9
LH:0
BRDA:11,0,0,0
BRDA:11,0,1,0
BRDA:12,1,0,0
BRDA:12,1,1,0
BRDA:16,2,0,0
BRDA:16,2,1,0
BRDA:16,3,0,0
BRDA:16,3,1,0
BRDA:16,3,2,0
BRF:9
BRH:0
end_of_record
TN:
SF:src\components\Modal\Modal.jsx
FN:7,(anonymous_0)
FN:11,(anonymous_1)
FN:14,(anonymous_2)
FNF:3
FNH:2
FNDA:3,(anonymous_0)
FNDA:1,(anonymous_1)
FNDA:0,(anonymous_2)
DA:7,1
DA:9,3
DA:11,3
DA:12,1
DA:14,3
DA:15,0
DA:18,3
LF:7
LH:6
BRDA:22,0,0,1
BRDA:22,0,1,2
BRDA:23,1,0,3
BRDA:23,1,1,1
BRDA:25,2,0,3
BRDA:25,2,1,1
BRDA:28,3,0,3
BRDA:28,3,1,2
BRDA:29,4,0,2
BRDA:29,4,1,0
BRDA:30,5,0,2
BRDA:30,5,1,0
BRDA:33,6,0,2
BRDA:33,6,1,0
BRF:14
BRH:11
end_of_record
TN:
SF:src\components\MomentoCalculator\MomentoCalculator.jsx
FN:16,(anonymous_0)
FN:23,(anonymous_1)
FN:39,(anonymous_2)
FN:58,(anonymous_3)
FN:71,(anonymous_4)
FN:86,(anonymous_5)
FN:110,(anonymous_6)
FNF:7
FNH:4
FNDA:5,(anonymous_0)
FNDA:1,(anonymous_1)
FNDA:0,(anonymous_2)
FNDA:1,(anonymous_3)
FNDA:1,(anonymous_4)
FNDA:0,(anonymous_5)
FNDA:0,(anonymous_6)
DA:16,1
DA:17,5
DA:18,5
DA:19,5
DA:20,5
DA:21,5
DA:23,5
DA:24,1
DA:25,1
DA:26,1
DA:27,1
DA:29,1
DA:31,1
DA:32,1
DA:33,1
DA:35,1
DA:36,1
DA:39,5
DA:41,5
DA:43,5
DA:58,1
DA:71,1
DA:86,0
DA:110,0
LF:24
LH:22
BRDA:27,0,0,0
BRDA:27,0,1,1
BRDA:29,1,0,0
BRDA:29,1,1,1
BRDA:29,2,0,1
BRDA:29,2,1,1
BRDA:29,2,2,1
BRDA:29,2,3,1
BRDA:41,3,0,5
BRDA:41,3,1,3
BRDA:101,4,0,1
BRDA:101,4,1,4
BRDA:109,5,0,5
BRDA:109,5,1,4
BRDA:116,6,0,5
BRDA:116,6,1,4
BRDA:122,7,0,5
BRDA:122,7,1,1
BRDA:125,8,0,1
BRDA:125,8,1,0
BRDA:131,9,0,1
BRDA:131,9,1,0
BRF:22
BRH:18
end_of_record
TN:
SF:src\components\MyLocationHome\MyLocationHome.jsx
FN:11,(anonymous_0)
FN:17,(anonymous_1)
FN:23,(anonymous_2)
FN:26,(anonymous_3)
FN:30,(anonymous_4)
FN:53,(anonymous_5)
FNF:6
FNH:0
FNDA:0,(anonymous_0)
FNDA:0,(anonymous_1)
FNDA:0,(anonymous_2)
FNDA:0,(anonymous_3)
FNDA:0,(anonymous_4)
FNDA:0,(anonymous_5)
DA:11,0
DA:12,0
DA:13,0
DA:14,0
DA:15,0
DA:17,0
DA:18,0
DA:19,0
DA:20,0
DA:22,0
DA:24,0
DA:26,0
DA:30,0
DA:31,0
DA:32,0
DA:33,0
DA:34,0
DA:35,0
DA:36,0
DA:37,0
DA:39,0
DA:43,0
DA:44,0
DA:45,0
DA:51,0
DA:54,0
LF:26
LH:0
BRDA:18,0,0,0
BRDA:18,0,1,0
BRDA:36,1,0,0
BRDA:36,1,1,0
BRDA:43,2,0,0
BRDA:43,2,1,0
BRDA:44,3,0,0
BRDA:44,3,1,0
BRDA:45,4,0,0
BRDA:45,4,1,0
BRDA:53,5,0,0
BRDA:53,5,1,0
BRF:12
BRH:0
end_of_record
TN:
SF:src\components\PastDay\AllEarthquakes.jsx
FN:9,(anonymous_0)
FN:19,(anonymous_1)
FN:20,(anonymous_2)
FN:23,(anonymous_3)
FN:33,(anonymous_4)
FN:35,(anonymous_5)
FN:41,(anonymous_6)
FNF:7
FNH:0
FNDA:0,(anonymous_0)
FNDA:0,(anonymous_1)
FNDA:0,(anonymous_2)
FNDA:0,(anonymous_3)
FNDA:0,(anonymous_4)
FNDA:0,(anonymous_5)
FNDA:0,(anonymous_6)
DA:9,0
DA:10,0
DA:11,0
DA:12,0
DA:13,0
DA:14,0
DA:15,0
DA:16,0
DA:17,0
DA:19,0
DA:20,0
DA:21,0
DA:22,0
DA:23,0
DA:24,0
DA:25,0
DA:26,0
DA:30,0
DA:33,0
DA:35,0
DA:36,0
DA:37,0
DA:38,0
DA:41,0
DA:42,0
DA:45,0
LF:26
LH:0
BRDA:9,0,0,0
BRF:1
BRH:0
end_of_record
TN:
SF:src\components\PastHour\PastHour.jsx
FN:12,(anonymous_0)
FN:17,(anonymous_1)
FN:33,(anonymous_2)
FN:37,(anonymous_3)
FN:40,(anonymous_4)
FNF:5
FNH:0
FNDA:0,(anonymous_0)
FNDA:0,(anonymous_1)
FNDA:0,(anonymous_2)
FNDA:0,(anonymous_3)
FNDA:0,(anonymous_4)
DA:12,0
DA:13,0
DA:14,0
DA:15,0
DA:17,0
DA:18,0
DA:20,0
DA:22,0
DA:23,0
DA:24,0
DA:25,0
DA:26,0
DA:28,0
DA:31,0
DA:33,0
DA:37,0
DA:38,0
DA:39,0
DA:40,0
DA:43,0
LF:20
LH:0
BRDA:24,0,0,0
BRDA:24,0,1,0
BRDA:25,1,0,0
BRDA:25,1,1,0
BRDA:28,2,0,0
BRDA:28,2,1,0
BRDA:49,3,0,0
BRDA:49,3,1,0
BRDA:49,3,2,0
BRDA:57,4,0,0
BRDA:57,4,1,0
BRF:11
BRH:0
end_of_record
TN:
SF:src\components\QuakeLibrary\QuakeLibrary.jsx
FN:4,(anonymous_0)
FNF:1
FNH:0
FNDA:0,(anonymous_0)
DA:4,0
DA:5,0
LF:2
LH:0
BRF:0
BRH:0
end_of_record
TN:
SF:src\components\QuakeMapMyLocation\QuakeMapMyLocation.jsx
FN:17,(anonymous_0)
FN:21,(anonymous_1)
FN:23,(anonymous_2)
FN:46,(anonymous_3)
FN:46,(anonymous_4)
FN:60,(anonymous_5)
FN:71,(anonymous_6)
FN:84,(anonymous_7)
FN:97,(anonymous_8)
FNF:9
FNH:0
FNDA:0,(anonymous_0)
FNDA:0,(anonymous_1)
FNDA:0,(anonymous_2)
FNDA:0,(anonymous_3)
FNDA:0,(anonymous_4)
FNDA:0,(anonymous_5)
FNDA:0,(anonymous_6)
FNDA:0,(anonymous_7)
FNDA:0,(anonymous_8)
DA:17,0
DA:18,0
DA:19,0
DA:21,0
DA:23,0
DA:24,0
DA:25,0
DA:26,0
DA:27,0
DA:29,0
DA:30,0
DA:34,0
DA:46,0
DA:47,0
DA:48,0
DA:51,0
DA:60,0
DA:72,0
DA:85,0
DA:97,0
LF:20
LH:0
BRDA:25,0,0,0
BRDA:25,0,1,0
BRDA:26,1,0,0
BRDA:26,1,1,0
BRDA:53,2,0,0
BRDA:53,2,1,0
BRDA:61,3,0,0
BRDA:61,3,1,0
BRDA:64,4,0,0
BRDA:64,4,1,0
BRDA:68,5,0,0
BRDA:68,5,1,0
BRDA:81,6,0,0
BRDA:81,6,1,0
BRDA:82,7,0,0
BRDA:82,7,1,0
BRDA:85,8,0,0
BRDA:85,8,1,0
BRDA:105,9,0,0
BRDA:105,9,1,0
BRF:20
BRH:0
end_of_record
TN:
SF:src\components\Quakerecient\Quakerecient.jsx
FN:9,(anonymous_0)
FN:14,(anonymous_1)
FN:17,(anonymous_2)
FN:44,(anonymous_3)
FNF:4
FNH:4
FNDA:5,(anonymous_0)
FNDA:3,(anonymous_1)
FNDA:3,(anonymous_2)
FNDA:3,(anonymous_3)
DA:9,1
DA:10,5
DA:11,5
DA:12,5
DA:14,5
DA:15,3
DA:17,3
DA:18,3
DA:19,3
DA:25,3
DA:26,3
DA:28,2
DA:29,2
DA:30,1
DA:32,1
DA:36,0
DA:38,2
DA:42,3
DA:44,3
DA:45,3
DA:49,5
DA:50,3
DA:57,2
DA:58,1
DA:65,1
LF:25
LH:24
BRDA:28,0,0,2
BRDA:28,0,1,0
BRDA:29,1,0,1
BRDA:29,1,1,1
BRDA:29,2,0,2
BRDA:29,2,1,1
BRDA:29,2,2,1
BRDA:36,3,0,0
BRDA:36,3,1,0
BRDA:38,4,0,2
BRDA:38,4,1,0
BRDA:49,5,0,3
BRDA:49,5,1,2
BRDA:57,6,0,1
BRDA:57,6,1,1
BRDA:57,7,0,2
BRDA:57,7,1,1
BRDA:68,8,0,1
BRDA:68,8,1,1
BRDA:70,9,0,1
BRDA:70,9,1,1
BRDA:71,10,0,1
BRDA:71,10,1,1
BRF:23
BRH:19
end_of_record
TN:
SF:src\components\RichterCalculator\RichterCalculator.jsx
FN:8,(anonymous_0)
FN:10,(anonymous_1)
FN:12,(anonymous_2)
FN:31,(anonymous_3)
FN:33,(anonymous_4)
FN:44,(anonymous_5)
FN:46,(anonymous_6)
FNF:7
FNH:0
FNDA:0,(anonymous_0)
FNDA:0,(anonymous_1)
FNDA:0,(anonymous_2)
FNDA:0,(anonymous_3)
FNDA:0,(anonymous_4)
FNDA:0,(anonymous_5)
FNDA:0,(anonymous_6)
DA:8,0
DA:9,0
DA:10,0
DA:12,0
DA:13,0
DA:14,0
DA:17,0
DA:19,0
DA:31,0
DA:33,0
DA:44,0
DA:46,0
LF:12
LH:0
BRDA:17,0,0,0
BRDA:17,0,1,0
BRF:2
BRH:0
end_of_record
TN:
SF:src\components\WorldMapWithControls\WorldMapWithControls.jsx
FN:20,(anonymous_0)
FN:25,(anonymous_1)
FN:28,(anonymous_2)
FN:34,(anonymous_3)
FN:39,(anonymous_4)
FN:43,(anonymous_5)
FN:48,(anonymous_6)
FN:53,(anonymous_7)
FN:57,(anonymous_8)
FN:77,(anonymous_9)
FN:98,(anonymous_10)
FN:108,(anonymous_11)
FN:115,(anonymous_12)
FN:122,(anonymous_13)
FN:124,(anonymous_14)
FN:130,(anonymous_15)
FN:140,(anonymous_16)
FN:141,(anonymous_17)
FNF:18
FNH:0
FNDA:0,(anonymous_0)
FNDA:0,(anonymous_1)
FNDA:0,(anonymous_2)
FNDA:0,(anonymous_3)
FNDA:0,(anonymous_4)
FNDA:0,(anonymous_5)
FNDA:0,(anonymous_6)
FNDA:0,(anonymous_7)
FNDA:0,(anonymous_8)
FNDA:0,(anonymous_9)
FNDA:0,(anonymous_10)
FNDA:0,(anonymous_11)
FNDA:0,(anonymous_12)
FNDA:0,(anonymous_13)
FNDA:0,(anonymous_14)
FNDA:0,(anonymous_15)
FNDA:0,(anonymous_16)
FNDA:0,(anonymous_17)
DA:20,0
DA:21,0
DA:25,0
DA:28,0
DA:29,0
DA:30,0
DA:34,0
DA:35,0
DA:36,0
DA:39,0
DA:40,0
DA:43,0
DA:44,0
DA:45,0
DA:48,0
DA:49,0
DA:50,0
DA:53,0
DA:54,0
DA:57,0
DA:58,0
DA:63,0
DA:77,0
DA:98,0
DA:108,0
DA:115,0
DA:122,0
DA:124,0
DA:130,0
DA:140,0
DA:141,0
LF:31
LH:0
BRDA:29,0,0,0
BRDA:29,0,1,0
BRDA:29,1,0,0
BRDA:29,1,1,0
BRDA:29,1,2,0
BRDA:40,2,0,0
BRDA:40,2,1,0
BRDA:65,3,0,0
BRDA:65,3,1,0
BRDA:102,4,0,0
BRDA:102,4,1,0
BRDA:119,5,0,0
BRDA:119,5,1,0
BRDA:132,6,0,0
BRDA:132,6,1,0
BRDA:134,7,0,0
BRDA:134,7,1,0
BRF:17
BRH:0
end_of_record
TN:
SF:src\contexts\WorldMapContext\WorldMapContext.jsx
FN:7,(anonymous_0)
FNF:1
FNH:1
FNDA:1,(anonymous_0)
DA:5,1
DA:7,1
DA:9,1
DA:11,1
LF:4
LH:4
BRF:0
BRH:0
end_of_record
TN:
SF:src\data\Requeriments.js
FNF:0
FNH:0
DA:1,1
LF:1
LH:1
BRF:0
BRH:0
end_of_record
TN:
SF:src\data\TablaData.js
FNF:0
FNH:0
DA:5,0
LF:1
LH:0
BRF:0
BRH:0
end_of_record
TN:
SF:src\data\countries.js
FN:987,Coords
FN:989,(anonymous_1)
FNF:2
FNH:2
FNDA:3,Coords
FNDA:280,(anonymous_1)
DA:1,3
DA:988,3
DA:989,280
DA:991,3
LF:4
LH:4
BRDA:991,0,0,2
BRDA:991,0,1,1
BRF:2
BRH:2
end_of_record
TN:
SF:src\hooks\RichterHook\RichterHook.jsx
FN:6,(anonymous_0)
FN:12,(anonymous_1)
FN:15,(anonymous_2)
FN:24,(anonymous_3)
FNF:4
FNH:4
FNDA:6,(anonymous_0)
FNDA:2,(anonymous_1)
FNDA:1,(anonymous_2)
FNDA:1,(anonymous_3)
DA:6,1
DA:7,6
DA:8,6
DA:9,6
DA:10,6
DA:12,6
DA:13,2
DA:15,6
DA:16,1
DA:17,1
DA:18,1
DA:19,1
DA:20,1
DA:21,1
DA:24,6
DA:25,1
DA:26,1
DA:29,6
LF:18
LH:18
BRDA:13,0,0,1
BRDA:13,0,1,1
BRDA:13,1,0,2
BRDA:13,1,1,1
BRF:4
BRH:4
end_of_record
TN:
SF:src\hooks\UseQkMapMyLocation\UseQkMapMyLocation.jsx
FNF:0
FNH:0
LF:0
LH:0
BRF:0
BRH:0
end_of_record
TN:
SF:src\hooks\useWMWithControls\useWMWithControls.jsx
FN:8,(anonymous_0)
FN:26,(anonymous_1)
FN:29,(anonymous_2)
FN:37,(anonymous_3)
FN:42,(anonymous_4)
FN:51,(anonymous_5)
FN:63,(anonymous_6)
FN:68,(anonymous_7)
FN:72,(anonymous_8)
FN:76,(anonymous_9)
FN:80,(anonymous_10)
FN:86,(anonymous_11)
FN:92,(anonymous_12)
FN:99,(anonymous_13)
FN:106,(anonymous_14)
FN:112,(anonymous_15)
FNF:16
FNH:7
FNDA:7,(anonymous_0)
FNDA:0,(anonymous_1)
FNDA:0,(anonymous_2)
FNDA:0,(anonymous_3)
FNDA:0,(anonymous_4)
FNDA:0,(anonymous_5)
FNDA:0,(anonymous_6)
FNDA:0,(anonymous_7)
FNDA:0,(anonymous_8)
FNDA:0,(anonymous_9)
FNDA:1,(anonymous_10)
FNDA:1,(anonymous_11)
FNDA:2,(anonymous_12)
FNDA:1,(anonymous_13)
FNDA:1372,(anonymous_14)
FNDA:63,(anonymous_15)
DA:8,1
DA:10,7
DA:11,7
DA:12,7
DA:13,7
DA:14,7
DA:15,7
DA:16,7
DA:17,7
DA:18,7
DA:19,7
DA:20,7
DA:21,7
DA:22,7
DA:23,7
DA:26,7
DA:27,0
DA:28,0
DA:29,0
DA:30,0
DA:31,0
DA:32,0
DA:33,0
DA:37,7
DA:38,0
DA:39,0
DA:42,7
DA:43,0
DA:44,0
DA:45,0
DA:47,0
DA:51,7
DA:52,0
DA:53,0
DA:54,0
DA:55,0
DA:56,0
DA:57,0
DA:58,0
DA:59,0
DA:60,0
DA:63,7
DA:64,0
DA:65,0
DA:68,7
DA:69,0
DA:72,7
DA:73,0
DA:76,7
DA:77,0
DA:80,7
DA:81,1
DA:82,1
DA:83,1
DA:86,7
DA:87,1
DA:88,1
DA:89,1
DA:92,7
DA:93,2
DA:94,2
DA:95,2
DA:99,7
DA:100,1
DA:101,1
DA:102,1
DA:106,7
DA:107,1372
DA:112,7
DA:113,63
DA:119,7
LF:71
LH:44
BRDA:44,0,0,0
BRDA:44,0,1,0
BRDA:58,1,0,0
BRDA:58,1,1,0
BRDA:94,2,0,2
BRDA:94,2,1,0
BRDA:101,3,0,1
BRDA:101,3,1,0
BRF:8
BRH:2
end_of_record
TN:
SF:src\pages\WorldMapPages\WorldMapPages.jsx
FN:4,(anonymous_0)
FNF:1
FNH:1
FNDA:1,(anonymous_0)
DA:4,1
DA:5,1
LF:2
LH:2
BRF:0
BRH:0
end_of_record
TN:
SF:src\routers\AppRouter\AppRouter.jsx
FN:16,(anonymous_0)
FN:20,(anonymous_1)
FN:78,(anonymous_2)
FNF:3
FNH:0
FNDA:0,(anonymous_0)
FNDA:0,(anonymous_1)
FNDA:0,(anonymous_2)
DA:16,0
DA:17,0
DA:18,0
DA:20,0
DA:21,0
DA:23,0
DA:78,0
DA:79,0
LF:8
LH:0
BRDA:18,0,0,0
BRDA:18,0,1,0
BRDA:21,1,0,0
BRDA:21,1,1,0
BRF:4
BRH:0
end_of_record
TN:
SF:src\services\GeoApi\GeoApi.js
FN:12,(anonymous_0)
FN:24,(anonymous_1)
FN:52,(anonymous_2)
FN:98,(anonymous_3)
FN:105,(anonymous_4)
FNF:5
FNH:0
FNDA:0,(anonymous_0)
FNDA:0,(anonymous_1)
FNDA:0,(anonymous_2)
FNDA:0,(anonymous_3)
FNDA:0,(anonymous_4)
DA:13,0
DA:14,0
DA:15,0
DA:16,0
DA:25,0
DA:27,0
DA:28,0
DA:31,0
DA:33,0
DA:34,0
DA:35,0
DA:37,0
DA:38,0
DA:40,0
DA:41,0
DA:43,0
DA:44,0
DA:53,0
DA:55,0
DA:56,0
DA:57,0
DA:58,0
DA:60,0
DA:61,0
DA:63,0
DA:64,0
DA:68,0
DA:69,0
DA:71,0
DA:72,0
DA:73,0
DA:79,0
DA:80,0
DA:82,0
DA:83,0
DA:86,0
DA:87,0
DA:99,0
DA:106,0
LF:39
LH:0
BRDA:12,0,0,0
BRDA:27,1,0,0
BRDA:27,1,1,0
BRDA:37,2,0,0
BRDA:37,2,1,0
BRDA:38,3,0,0
BRDA:38,3,1,0
BRDA:41,4,0,0
BRDA:41,4,1,0
BRDA:41,4,2,0
BRDA:55,5,0,0
BRDA:55,5,1,0
BRDA:58,6,0,0
BRDA:58,6,1,0
BRDA:63,7,0,0
BRDA:63,7,1,0
BRDA:63,8,0,0
BRDA:63,8,1,0
BRDA:71,9,0,0
BRDA:71,9,1,0
BRDA:90,10,0,0
BRDA:90,10,1,0
BRF:22
BRH:0
end_of_record
TN:
SF:src\services\Helpers\Helpers.js
FN:4,formatDate
FN:34,formatEarthquakeData
FN:37,(anonymous_2)
FN:60,(anonymous_3)
FN:66,(anonymous_4)
FN:73,(anonymous_5)
FN:88,(anonymous_6)
FN:108,(anonymous_7)
FNF:8
FNH:6
FNDA:2,formatDate
FNDA:5,formatEarthquakeData
FNDA:2,(anonymous_2)
FNDA:3,(anonymous_3)
FNDA:3,(anonymous_4)
FNDA:0,(anonymous_5)
FNDA:0,(anonymous_6)
FNDA:5,(anonymous_7)
DA:5,2
DA:9,1
DA:10,1
DA:12,0
DA:15,1
DA:17,1
DA:27,1
DA:35,5
DA:37,2
DA:54,5
DA:60,5
DA:61,3
DA:62,3
DA:63,3
DA:66,3
DA:68,3
DA:70,3
DA:71,0
DA:72,0
DA:73,0
DA:74,0
DA:75,0
DA:78,0
DA:79,0
DA:81,0
DA:82,0
DA:85,3
DA:86,0
DA:87,0
DA:88,0
DA:89,0
DA:90,0
DA:93,3
DA:96,1
DA:102,1
DA:103,1
DA:104,1
DA:105,1
DA:106,2
DA:107,1
DA:108,1
DA:109,5
DA:110,3
DA:114,1
DA:117,1
DA:118,1
DA:120,1
LF:47
LH:32
BRDA:5,0,0,1
BRDA:5,0,1,1
BRDA:9,1,0,1
BRDA:9,1,1,0
BRDA:9,2,0,1
BRDA:9,2,1,0
BRDA:9,2,2,0
BRDA:15,3,0,0
BRDA:15,3,1,1
BRDA:35,4,0,3
BRDA:35,4,1,2
BRDA:38,5,0,2
BRDA:38,5,1,1
BRDA:39,6,0,2
BRDA:39,6,1,1
BRDA:40,7,0,2
BRDA:40,7,1,2
BRDA:42,8,0,2
BRDA:42,8,1,1
BRDA:43,9,0,2
BRDA:43,9,1,2
BRDA:45,10,0,2
BRDA:45,10,1,1
BRDA:46,11,0,2
BRDA:46,11,1,1
BRDA:66,12,0,3
BRDA:66,12,1,0
BRDA:70,13,0,0
BRDA:70,13,1,3
BRDA:70,14,0,3
BRDA:70,14,1,3
BRDA:72,15,0,0
BRDA:72,15,1,0
BRDA:74,16,0,0
BRDA:74,16,1,0
BRDA:74,17,0,0
BRDA:74,17,1,0
BRDA:78,18,0,0
BRDA:78,18,1,0
BRDA:79,19,0,0
BRDA:79,19,1,0
BRDA:81,20,0,0
BRDA:81,20,1,0
BRDA:85,21,0,0
BRDA:85,21,1,3
BRDA:89,22,0,0
BRDA:89,22,1,0
BRDA:89,23,0,0
BRDA:89,23,1,0
BRDA:93,24,0,1
BRDA:93,24,1,2
BRDA:103,25,0,1
BRDA:103,25,1,0
BRDA:106,26,0,1
BRDA:106,26,1,1
BRDA:109,27,0,3
BRDA:109,27,1,2
BRDA:109,28,0,5
BRDA:109,28,1,3
BRDA:118,29,0,1
BRDA:118,29,1,0
BRF:61
BRH:36
end_of_record
TN:
SF:src\store\index.js
FNF:0
FNH:0
DA:7,0
LF:1
LH:0
BRF:0
BRH:0
end_of_record
TN:
SF:src\store\slices\calculatorSlice.js
FN:16,(anonymous_0)
FN:19,(anonymous_1)
FN:22,(anonymous_2)
FN:31,(anonymous_3)
FNF:4
FNH:4
FNDA:1,(anonymous_0)
FNDA:1,(anonymous_1)
FNDA:1,(anonymous_2)
FNDA:1,(anonymous_3)
DA:5,1
DA:12,1
DA:17,1
DA:20,1
DA:24,1
DA:25,1
DA:26,1
DA:27,1
DA:28,1
DA:29,1
DA:31,1
DA:35,1
LF:12
LH:12
BRF:0
BRH:0
end_of_record
TN:
SF:src\store\slices\librarySlice.js
FN:10,(anonymous_0)
FN:35,(anonymous_1)
FN:39,(anonymous_2)
FN:42,(anonymous_3)
FN:47,(anonymous_4)
FN:49,(anonymous_5)
FN:52,(anonymous_6)
FN:57,(anonymous_7)
FNF:8
FNH:4
FNDA:0,(anonymous_0)
FNDA:1,(anonymous_1)
FNDA:1,(anonymous_2)
FNDA:1,(anonymous_3)
FNDA:1,(anonymous_4)
FNDA:0,(anonymous_5)
FNDA:0,(anonymous_6)
FNDA:0,(anonymous_7)
DA:8,1
DA:11,0
DA:13,0
DA:14,0
DA:15,0
DA:17,0
DA:22,1
DA:31,1
DA:36,1
DA:37,1
DA:40,1
DA:43,1
DA:44,1
DA:48,1
DA:50,0
DA:53,0
DA:54,0
DA:55,0
DA:58,0
DA:59,0
DA:64,1
LF:21
LH:10
BRDA:54,0,0,0
BRDA:54,0,1,0
BRDA:55,1,0,0
BRDA:55,1,1,0
BRF:4
BRH:0
end_of_record
TN:
SF:src\store\slices\quakeMapSlice.js
FN:9,(anonymous_0)
FN:56,(anonymous_1)
FN:60,(anonymous_2)
FN:63,(anonymous_3)
FN:66,(anonymous_4)
FN:70,(anonymous_5)
FN:72,(anonymous_6)
FN:75,(anonymous_7)
FN:83,(anonymous_8)
FNF:9
FNH:4
FNDA:0,(anonymous_0)
FNDA:1,(anonymous_1)
FNDA:1,(anonymous_2)
FNDA:1,(anonymous_3)
FNDA:0,(anonymous_4)
FNDA:1,(anonymous_5)
FNDA:0,(anonymous_6)
FNDA:0,(anonymous_7)
FNDA:0,(anonymous_8)
DA:7,1
DA:10,0
DA:11,0
DA:12,0
DA:14,0
DA:27,0
DA:28,0
DA:30,0
DA:38,0
DA:43,1
DA:52,1
DA:57,1
DA:58,1
DA:61,1
DA:64,1
DA:67,0
DA:71,1
DA:73,0
DA:76,0
DA:77,0
DA:78,0
DA:79,0
DA:80,0
DA:84,0
DA:85,0
DA:90,1
LF:26
LH:9
BRDA:33,0,0,0
BRDA:33,0,1,0
BRDA:34,1,0,0
BRDA:34,1,1,0
BRDA:77,2,0,0
BRDA:77,2,1,0
BRDA:78,3,0,0
BRDA:78,3,1,0
BRDA:79,4,0,0
BRDA:79,4,1,0
BRF:10
BRH:0
end_of_record
TN:
SF:src\store\slices\worldMapSlice.js
FN:11,(anonymous_0)
FN:63,(anonymous_1)
FN:64,(anonymous_2)
FN:65,(anonymous_3)
FN:66,(anonymous_4)
FN:67,(anonymous_5)
FN:68,(anonymous_6)
FN:69,(anonymous_7)
FN:70,(anonymous_8)
FN:71,(anonymous_9)
FN:72,(anonymous_10)
FN:73,(anonymous_11)
FN:74,(anonymous_12)
FN:75,(anonymous_13)
FN:76,(anonymous_14)
FN:78,(anonymous_15)
FN:80,(anonymous_16)
FN:83,(anonymous_17)
FN:92,(anonymous_18)
FNF:19
FNH:5
FNDA:0,(anonymous_0)
FNDA:1,(anonymous_1)
FNDA:0,(anonymous_2)
FNDA:0,(anonymous_3)
FNDA:0,(anonymous_4)
FNDA:0,(anonymous_5)
FNDA:1,(anonymous_6)
FNDA:0,(anonymous_7)
FNDA:0,(anonymous_8)
FNDA:0,(anonymous_9)
FNDA:0,(anonymous_10)
FNDA:0,(anonymous_11)
FNDA:2,(anonymous_12)
FNDA:2,(anonymous_13)
FNDA:0,(anonymous_14)
FNDA:1,(anonymous_15)
FNDA:0,(anonymous_16)
FNDA:0,(anonymous_17)
FNDA:0,(anonymous_18)
DA:9,1
DA:12,0
DA:13,0
DA:14,0
DA:17,0
DA:26,0
DA:27,0
DA:29,0
DA:34,0
DA:39,1
DA:59,1
DA:63,1
DA:64,0
DA:65,0
DA:66,0
DA:67,0
DA:68,1
DA:69,0
DA:70,0
DA:71,0
DA:72,0
DA:73,0
DA:74,2
DA:75,2
DA:76,0
DA:79,1
DA:81,0
DA:84,0
DA:85,0
DA:86,0
DA:88,0
DA:89,0
DA:93,0
DA:94,0
DA:95,0
DA:104,1
LF:36
LH:9
BRDA:14,0,0,0
BRDA:14,0,1,0
BRDA:22,1,0,0
BRDA:22,1,1,0
BRDA:22,2,0,0
BRDA:22,2,1,0
BRDA:69,3,0,0
BRDA:69,3,1,0
BRDA:70,4,0,0
BRDA:70,4,1,0
BRDA:74,5,0,1
BRDA:74,5,1,1
BRDA:75,6,0,1
BRDA:75,6,1,1
BRDA:85,7,0,0
BRDA:85,7,1,0
BRDA:86,8,0,0
BRDA:86,8,1,0
BRDA:88,9,0,0
BRDA:88,9,1,0
BRF:20
BRH:4
end_of_record
TN:
SF:src\utils\Sismologia.js
FN:20,calcularMomentoSismico
FN:29,calcularMw
FNF:2
FNH:2
FNDA:4,calcularMomentoSismico
FNDA:5,calcularMw
DA:11,1
DA:21,4
DA:30,5
DA:31,1
LF:4
LH:4
BRDA:20,0,0,3
BRDA:30,1,0,4
BRDA:30,1,1,1
BRDA:30,2,0,5
BRDA:30,2,1,2
BRF:5
BRH:5
end_of_record
TN:
SF:src\utils\Sismos.js
FN:2,(anonymous_0)
FN:6,(anonymous_1)
FNF:2
FNH:0
FNDA:0,(anonymous_0)
FNDA:0,(anonymous_1)
DA:3,0
DA:4,0
DA:7,0
DA:8,0
DA:9,0
DA:10,0
DA:11,0
DA:12,0
LF:8
LH:0
BRF:0
BRH:0
end_of_record
TN:
SF:src\utils\TableScale.js
FN:1,(anonymous_0)
FNF:1
FNH:1
FNDA:8,(anonymous_0)
DA:1,2
DA:2,8
DA:3,2
DA:6,6
DA:7,1
DA:15,5
DA:16,1
DA:22,4
DA:23,1
DA:30,3
DA:31,1
DA:37,2
DA:38,1
DA:43,1
DA:44,1
LF:15
LH:15
BRDA:2,0,0,2
BRDA:2,0,1,6
BRDA:2,1,0,8
BRDA:2,1,1,7
BRDA:6,2,0,1
BRDA:6,2,1,5
BRDA:15,3,0,1
BRDA:15,3,1,4
BRDA:15,4,0,5
BRDA:15,4,1,5
BRDA:22,5,0,1
BRDA:22,5,1,3
BRDA:22,6,0,4
BRDA:22,6,1,4
BRDA:30,7,0,1
BRDA:30,7,1,2
BRDA:30,8,0,3
BRDA:30,8,1,3
BRDA:37,9,0,1
BRDA:37,9,1,1
BRDA:37,10,0,2
BRDA:37,10,1,2
BRDA:43,11,0,1
BRDA:43,11,1,0
BRF:24
BRH:23
end_of_record
TN:
SF:src\utils\calculoMagnitudSismica.js
FN:2,(anonymous_0)
FN:10,(anonymous_1)
FN:15,(anonymous_2)
FN:21,(anonymous_3)
FN:27,(anonymous_4)
FN:32,(anonymous_5)
FNF:6
FNH:0
FNDA:0,(anonymous_0)
FNDA:0,(anonymous_1)
FNDA:0,(anonymous_2)
FNDA:0,(anonymous_3)
FNDA:0,(anonymous_4)
FNDA:0,(anonymous_5)
DA:3,0
DA:4,0
DA:5,0
DA:6,0
DA:11,0
DA:16,0
DA:17,0
DA:22,0
DA:23,0
DA:28,0
DA:33,0
DA:34,0
DA:39,0
DA:40,0
DA:41,0
DA:44,0
DA:46,0
DA:49,0
DA:50,0
DA:53,0
DA:54,0
LF:21
LH:0
BRF:0
BRH:0
end_of_record
TN:
SF:src\utils\validation.js
FN:1,(anonymous_0)
FN:13,HandleDecimalNumber
FN:41,(anonymous_2)
FNF:3
FNH:3
FNDA:2,(anonymous_0)
FNDA:3,HandleDecimalNumber
FNDA:2,(anonymous_2)
DA:1,3
DA:3,2
DA:4,2
DA:5,2
DA:7,2
DA:8,1
DA:14,3
DA:17,3
DA:20,3
DA:23,3
DA:24,0
DA:25,0
DA:29,3
DA:30,1
DA:31,1
DA:35,2
DA:36,0
DA:37,0
DA:41,3
DA:42,2
DA:43,2
DA:44,2
DA:45,2
DA:47,2
DA:48,2
LF:25
LH:21
BRDA:3,0,0,2
BRDA:3,0,1,0
BRDA:7,1,0,1
BRDA:7,1,1,1
BRDA:23,2,0,0
BRDA:23,2,1,3
BRDA:29,3,0,1
BRDA:29,3,1,2
BRDA:29,4,0,3
BRDA:29,4,1,1
BRDA:35,5,0,0
BRDA:35,5,1,2
BRDA:35,6,0,2
BRDA:35,6,1,0
BRDA:35,6,2,0
BRDA:42,7,0,2
BRDA:42,7,1,0
BRDA:47,8,0,2
BRDA:47,8,1,0
BRDA:47,9,0,2
BRDA:47,9,1,1
BRF:21
BRH:14
end_of_record
